2020-05-10 10:04:21.562  INFO 10320 --- [main] com.xck.demo.DemoApplication             : Starting DemoApplication on DESKTOP-TQD3GT2 with PID 10320 (E:\demo\target\classes started by 谢朝康 in E:\demo)
2020-05-10 10:04:21.572  INFO 10320 --- [main] com.xck.demo.DemoApplication             : No active profile set, falling back to default profiles: default
2020-05-10 10:04:23.491  INFO 10320 --- [main] trationDelegate$BeanPostProcessorChecker : Bean 'shiroConfig' of type [com.xck.demo.Config.ShiroConfig$$EnhancerBySpringCGLIB$$c8b8f210] is not eligible for getting processed by all BeanPostProcessors (for example: not eligible for auto-proxying)
2020-05-10 10:04:24.012  INFO 10320 --- [main] trationDelegate$BeanPostProcessorChecker : Bean 'hashedCredentialsMatcher' of type [org.apache.shiro.authc.credential.HashedCredentialsMatcher] is not eligible for getting processed by all BeanPostProcessors (for example: not eligible for auto-proxying)
2020-05-10 10:04:24.045  INFO 10320 --- [main] trationDelegate$BeanPostProcessorChecker : Bean 'mybatis-org.mybatis.spring.boot.autoconfigure.MybatisProperties' of type [org.mybatis.spring.boot.autoconfigure.MybatisProperties] is not eligible for getting processed by all BeanPostProcessors (for example: not eligible for auto-proxying)
2020-05-10 10:04:24.051  INFO 10320 --- [main] trationDelegate$BeanPostProcessorChecker : Bean 'org.mybatis.spring.boot.autoconfigure.MybatisAutoConfiguration' of type [org.mybatis.spring.boot.autoconfigure.MybatisAutoConfiguration$$EnhancerBySpringCGLIB$$917b0624] is not eligible for getting processed by all BeanPostProcessors (for example: not eligible for auto-proxying)
2020-05-10 10:04:24.051  INFO 10320 --- [main] trationDelegate$BeanPostProcessorChecker : Bean 'myDruidConfig' of type [com.xck.demo.Config.MyDruidConfig$$EnhancerBySpringCGLIB$$96a8fdb5] is not eligible for getting processed by all BeanPostProcessors (for example: not eligible for auto-proxying)
2020-05-10 10:04:24.173  INFO 10320 --- [main] trationDelegate$BeanPostProcessorChecker : Bean 'druid' of type [com.alibaba.druid.pool.DruidDataSource] is not eligible for getting processed by all BeanPostProcessors (for example: not eligible for auto-proxying)
2020-05-10 10:04:24.187  INFO 10320 --- [main] trationDelegate$BeanPostProcessorChecker : Bean 'spring.datasource-org.springframework.boot.autoconfigure.jdbc.DataSourceProperties' of type [org.springframework.boot.autoconfigure.jdbc.DataSourceProperties] is not eligible for getting processed by all BeanPostProcessors (for example: not eligible for auto-proxying)
2020-05-10 10:04:24.192  INFO 10320 --- [main] trationDelegate$BeanPostProcessorChecker : Bean 'org.springframework.boot.autoconfigure.jdbc.DataSourceInitializerInvoker' of type [org.springframework.boot.autoconfigure.jdbc.DataSourceInitializerInvoker] is not eligible for getting processed by all BeanPostProcessors (for example: not eligible for auto-proxying)
2020-05-10 10:04:24.271  INFO 10320 --- [main] trationDelegate$BeanPostProcessorChecker : Bean 'sqlSessionFactory' of type [org.apache.ibatis.session.defaults.DefaultSqlSessionFactory] is not eligible for getting processed by all BeanPostProcessors (for example: not eligible for auto-proxying)
2020-05-10 10:04:24.271  INFO 10320 --- [main] trationDelegate$BeanPostProcessorChecker : Bean 'sqlSessionTemplate' of type [org.mybatis.spring.SqlSessionTemplate] is not eligible for getting processed by all BeanPostProcessors (for example: not eligible for auto-proxying)
2020-05-10 10:04:24.331  INFO 10320 --- [main] trationDelegate$BeanPostProcessorChecker : Bean 'info_mainMapper' of type [org.mybatis.spring.mapper.MapperFactoryBean] is not eligible for getting processed by all BeanPostProcessors (for example: not eligible for auto-proxying)
2020-05-10 10:04:24.341  INFO 10320 --- [main] trationDelegate$BeanPostProcessorChecker : Bean 'info_mainMapper' of type [com.sun.proxy.$Proxy61] is not eligible for getting processed by all BeanPostProcessors (for example: not eligible for auto-proxying)
2020-05-10 10:04:24.345  INFO 10320 --- [main] trationDelegate$BeanPostProcessorChecker : Bean 'stu_getPasswordImpl' of type [com.xck.demo.Service.Info_mainService.Info_mainServiceImpl.Stu_getPasswordImpl] is not eligible for getting processed by all BeanPostProcessors (for example: not eligible for auto-proxying)
2020-05-10 10:04:24.366  INFO 10320 --- [main] trationDelegate$BeanPostProcessorChecker : Bean 'info_ServiceMapper' of type [org.mybatis.spring.mapper.MapperFactoryBean] is not eligible for getting processed by all BeanPostProcessors (for example: not eligible for auto-proxying)
2020-05-10 10:04:24.366  INFO 10320 --- [main] trationDelegate$BeanPostProcessorChecker : Bean 'info_ServiceMapper' of type [com.sun.proxy.$Proxy66] is not eligible for getting processed by all BeanPostProcessors (for example: not eligible for auto-proxying)
2020-05-10 10:04:24.371  INFO 10320 --- [main] trationDelegate$BeanPostProcessorChecker : Bean 'getRolesServiceImpl' of type [com.xck.demo.Service.Shiro_Service.Shiro_ServiceImpl.GetRolesServiceImpl] is not eligible for getting processed by all BeanPostProcessors (for example: not eligible for auto-proxying)
2020-05-10 10:04:24.371  INFO 10320 --- [main] trationDelegate$BeanPostProcessorChecker : Bean 'getPermissionServiceImpl' of type [com.xck.demo.Service.Shiro_Service.Shiro_ServiceImpl.GetPermissionServiceImpl] is not eligible for getting processed by all BeanPostProcessors (for example: not eligible for auto-proxying)
2020-05-10 10:04:24.377  INFO 10320 --- [main] trationDelegate$BeanPostProcessorChecker : Bean 'myRealm' of type [com.xck.demo.Shiro.MyRealm] is not eligible for getting processed by all BeanPostProcessors (for example: not eligible for auto-proxying)
2020-05-10 10:04:24.382  INFO 10320 --- [main] trationDelegate$BeanPostProcessorChecker : Bean 'securityManager' of type [org.apache.shiro.web.mgt.DefaultWebSecurityManager] is not eligible for getting processed by all BeanPostProcessors (for example: not eligible for auto-proxying)
2020-05-10 10:04:24.862  INFO 10320 --- [main] o.s.b.w.embedded.tomcat.TomcatWebServer  : Tomcat initialized with port(s): 8080 (http)
2020-05-10 10:04:24.918  INFO 10320 --- [main] o.apache.catalina.core.StandardService   : Starting service [Tomcat]
2020-05-10 10:04:24.918  INFO 10320 --- [main] org.apache.catalina.core.StandardEngine  : Starting Servlet engine: [Apache Tomcat/9.0.30]
2020-05-10 10:04:25.202  INFO 10320 --- [main] o.a.c.c.C.[Tomcat].[localhost].[/]       : Initializing Spring embedded WebApplicationContext
2020-05-10 10:04:25.210  INFO 10320 --- [main] o.s.web.context.ContextLoader            : Root WebApplicationContext: initialization completed in 3403 ms
2020-05-10 10:04:25.887  INFO 10320 --- [main] o.s.s.concurrent.ThreadPoolTaskExecutor  : Initializing ExecutorService 'applicationTaskExecutor'
2020-05-10 10:04:25.962  INFO 10320 --- [main] o.s.b.a.w.s.WelcomePageHandlerMapping    : Adding welcome page: class path resource [static/index.html]
2020-05-10 10:04:26.222  INFO 10320 --- [main] o.s.b.w.embedded.tomcat.TomcatWebServer  : Tomcat started on port(s): 8080 (http) with context path ''
2020-05-10 10:04:26.232  INFO 10320 --- [main] com.xck.demo.DemoApplication             : Started DemoApplication in 5.754 seconds (JVM running for 9.264)
2020-05-10 10:04:38.824  INFO 10320 --- [http-nio-8080-exec-1] o.a.c.c.C.[Tomcat].[localhost].[/]       : Initializing Spring DispatcherServlet 'dispatcherServlet'
2020-05-10 10:04:38.824  INFO 10320 --- [http-nio-8080-exec-1] o.s.web.servlet.DispatcherServlet        : Initializing Servlet 'dispatcherServlet'
2020-05-10 10:04:38.834  INFO 10320 --- [http-nio-8080-exec-1] o.s.web.servlet.DispatcherServlet        : Completed initialization in 10 ms
2020-05-10 10:04:43.282  INFO 10320 --- [http-nio-8080-exec-5] c.x.d.Controller.Info_mainHandler.Login  : 方法到达！！
2020-05-10 10:04:47.135  INFO 10320 --- [http-nio-8080-exec-5] com.alibaba.druid.pool.DruidDataSource   : {dataSource-1} inited
2020-05-10 10:04:57.719  INFO 10320 --- [http-nio-8080-exec-4] c.x.d.C.Info_mainHandler.Sel_Info        : 11
2020-05-10 10:06:04.399  INFO 10320 --- [http-nio-8080-exec-6] c.x.d.Controller.Info_mainHandler.Login  : 方法到达！！
2020-05-10 10:17:16.874  INFO 10320 --- [http-nio-8080-exec-6] c.x.d.Controller.Info_mainHandler.Login  : 方法到达！！
2020-05-10 10:21:31.140  INFO 13764 --- [main] com.xck.demo.DemoApplication             : Starting DemoApplication on DESKTOP-TQD3GT2 with PID 13764 (E:\demo\target\classes started by 谢朝康 in E:\demo)
2020-05-10 10:21:31.145  INFO 13764 --- [main] com.xck.demo.DemoApplication             : No active profile set, falling back to default profiles: default
2020-05-10 10:21:33.286  INFO 13764 --- [main] trationDelegate$BeanPostProcessorChecker : Bean 'shiroConfig' of type [com.xck.demo.Config.ShiroConfig$$EnhancerBySpringCGLIB$$269cddb] is not eligible for getting processed by all BeanPostProcessors (for example: not eligible for auto-proxying)
2020-05-10 10:21:33.865  INFO 13764 --- [main] trationDelegate$BeanPostProcessorChecker : Bean 'hashedCredentialsMatcher' of type [org.apache.shiro.authc.credential.HashedCredentialsMatcher] is not eligible for getting processed by all BeanPostProcessors (for example: not eligible for auto-proxying)
2020-05-10 10:21:33.902  INFO 13764 --- [main] trationDelegate$BeanPostProcessorChecker : Bean 'mybatis-org.mybatis.spring.boot.autoconfigure.MybatisProperties' of type [org.mybatis.spring.boot.autoconfigure.MybatisProperties] is not eligible for getting processed by all BeanPostProcessors (for example: not eligible for auto-proxying)
2020-05-10 10:21:33.909  INFO 13764 --- [main] trationDelegate$BeanPostProcessorChecker : Bean 'org.mybatis.spring.boot.autoconfigure.MybatisAutoConfiguration' of type [org.mybatis.spring.boot.autoconfigure.MybatisAutoConfiguration$$EnhancerBySpringCGLIB$$cb2be1ef] is not eligible for getting processed by all BeanPostProcessors (for example: not eligible for auto-proxying)
2020-05-10 10:21:33.913  INFO 13764 --- [main] trationDelegate$BeanPostProcessorChecker : Bean 'myDruidConfig' of type [com.xck.demo.Config.MyDruidConfig$$EnhancerBySpringCGLIB$$d059d980] is not eligible for getting processed by all BeanPostProcessors (for example: not eligible for auto-proxying)
2020-05-10 10:21:34.087  INFO 13764 --- [main] trationDelegate$BeanPostProcessorChecker : Bean 'druid' of type [com.alibaba.druid.pool.DruidDataSource] is not eligible for getting processed by all BeanPostProcessors (for example: not eligible for auto-proxying)
2020-05-10 10:21:34.102  INFO 13764 --- [main] trationDelegate$BeanPostProcessorChecker : Bean 'spring.datasource-org.springframework.boot.autoconfigure.jdbc.DataSourceProperties' of type [org.springframework.boot.autoconfigure.jdbc.DataSourceProperties] is not eligible for getting processed by all BeanPostProcessors (for example: not eligible for auto-proxying)
2020-05-10 10:21:34.106  INFO 13764 --- [main] trationDelegate$BeanPostProcessorChecker : Bean 'org.springframework.boot.autoconfigure.jdbc.DataSourceInitializerInvoker' of type [org.springframework.boot.autoconfigure.jdbc.DataSourceInitializerInvoker] is not eligible for getting processed by all BeanPostProcessors (for example: not eligible for auto-proxying)
2020-05-10 10:21:34.195  INFO 13764 --- [main] trationDelegate$BeanPostProcessorChecker : Bean 'sqlSessionFactory' of type [org.apache.ibatis.session.defaults.DefaultSqlSessionFactory] is not eligible for getting processed by all BeanPostProcessors (for example: not eligible for auto-proxying)
2020-05-10 10:21:34.202  INFO 13764 --- [main] trationDelegate$BeanPostProcessorChecker : Bean 'sqlSessionTemplate' of type [org.mybatis.spring.SqlSessionTemplate] is not eligible for getting processed by all BeanPostProcessors (for example: not eligible for auto-proxying)
2020-05-10 10:21:34.243  INFO 13764 --- [main] trationDelegate$BeanPostProcessorChecker : Bean 'info_mainMapper' of type [org.mybatis.spring.mapper.MapperFactoryBean] is not eligible for getting processed by all BeanPostProcessors (for example: not eligible for auto-proxying)
2020-05-10 10:21:34.245  INFO 13764 --- [main] trationDelegate$BeanPostProcessorChecker : Bean 'info_mainMapper' of type [com.sun.proxy.$Proxy61] is not eligible for getting processed by all BeanPostProcessors (for example: not eligible for auto-proxying)
2020-05-10 10:21:34.250  INFO 13764 --- [main] trationDelegate$BeanPostProcessorChecker : Bean 'stu_getPasswordImpl' of type [com.xck.demo.Service.Info_mainService.Info_mainServiceImpl.Stu_getPasswordImpl] is not eligible for getting processed by all BeanPostProcessors (for example: not eligible for auto-proxying)
2020-05-10 10:21:34.271  INFO 13764 --- [main] trationDelegate$BeanPostProcessorChecker : Bean 'info_ServiceMapper' of type [org.mybatis.spring.mapper.MapperFactoryBean] is not eligible for getting processed by all BeanPostProcessors (for example: not eligible for auto-proxying)
2020-05-10 10:21:34.271  INFO 13764 --- [main] trationDelegate$BeanPostProcessorChecker : Bean 'info_ServiceMapper' of type [com.sun.proxy.$Proxy66] is not eligible for getting processed by all BeanPostProcessors (for example: not eligible for auto-proxying)
2020-05-10 10:21:34.271  INFO 13764 --- [main] trationDelegate$BeanPostProcessorChecker : Bean 'getRolesServiceImpl' of type [com.xck.demo.Service.Shiro_Service.Shiro_ServiceImpl.GetRolesServiceImpl] is not eligible for getting processed by all BeanPostProcessors (for example: not eligible for auto-proxying)
2020-05-10 10:21:34.271  INFO 13764 --- [main] trationDelegate$BeanPostProcessorChecker : Bean 'getPermissionServiceImpl' of type [com.xck.demo.Service.Shiro_Service.Shiro_ServiceImpl.GetPermissionServiceImpl] is not eligible for getting processed by all BeanPostProcessors (for example: not eligible for auto-proxying)
2020-05-10 10:21:34.271  INFO 13764 --- [main] trationDelegate$BeanPostProcessorChecker : Bean 'myRealm' of type [com.xck.demo.Shiro.MyRealm] is not eligible for getting processed by all BeanPostProcessors (for example: not eligible for auto-proxying)
2020-05-10 10:21:34.280  INFO 13764 --- [main] trationDelegate$BeanPostProcessorChecker : Bean 'securityManager' of type [org.apache.shiro.web.mgt.DefaultWebSecurityManager] is not eligible for getting processed by all BeanPostProcessors (for example: not eligible for auto-proxying)
2020-05-10 10:21:34.581  INFO 13764 --- [main] o.s.b.w.embedded.tomcat.TomcatWebServer  : Tomcat initialized with port(s): 8080 (http)
2020-05-10 10:21:34.611  INFO 13764 --- [main] o.apache.catalina.core.StandardService   : Starting service [Tomcat]
2020-05-10 10:21:34.611  INFO 13764 --- [main] org.apache.catalina.core.StandardEngine  : Starting Servlet engine: [Apache Tomcat/9.0.30]
2020-05-10 10:21:34.826  INFO 13764 --- [main] o.a.c.c.C.[Tomcat].[localhost].[/]       : Initializing Spring embedded WebApplicationContext
2020-05-10 10:21:34.826  INFO 13764 --- [main] o.s.web.context.ContextLoader            : Root WebApplicationContext: initialization completed in 3572 ms
2020-05-10 10:21:35.471  INFO 13764 --- [main] o.s.s.concurrent.ThreadPoolTaskExecutor  : Initializing ExecutorService 'applicationTaskExecutor'
2020-05-10 10:21:35.571  INFO 13764 --- [main] o.s.b.a.w.s.WelcomePageHandlerMapping    : Adding welcome page: class path resource [static/index.html]
2020-05-10 10:21:35.763  INFO 13764 --- [main] o.s.b.w.embedded.tomcat.TomcatWebServer  : Tomcat started on port(s): 8080 (http) with context path ''
2020-05-10 10:21:35.767  INFO 13764 --- [main] com.xck.demo.DemoApplication             : Started DemoApplication in 6.04 seconds (JVM running for 7.881)
2020-05-10 10:21:59.939  INFO 13764 --- [http-nio-8080-exec-1] o.a.c.c.C.[Tomcat].[localhost].[/]       : Initializing Spring DispatcherServlet 'dispatcherServlet'
2020-05-10 10:21:59.941  INFO 13764 --- [http-nio-8080-exec-1] o.s.web.servlet.DispatcherServlet        : Initializing Servlet 'dispatcherServlet'
2020-05-10 10:21:59.954  INFO 13764 --- [http-nio-8080-exec-1] o.s.web.servlet.DispatcherServlet        : Completed initialization in 11 ms
2020-05-10 10:22:09.654  INFO 13764 --- [http-nio-8080-exec-6] c.x.d.Controller.Info_mainHandler.Login  : 方法到达！！
2020-05-10 10:22:13.404  INFO 13764 --- [http-nio-8080-exec-6] com.alibaba.druid.pool.DruidDataSource   : {dataSource-1} inited
2020-05-10 10:22:54.256  INFO 13764 --- [http-nio-8080-exec-2] com.xck.demo.Util.Sel_CourseResult       : 容量：50
2020-05-10 10:22:59.513  INFO 13764 --- [http-nio-8080-exec-4] com.xck.demo.Util.Sel_CourseResult       : 容量：50
2020-05-10 10:23:01.163  INFO 13764 --- [http-nio-8080-exec-6] com.xck.demo.Util.Sel_CourseResult       : 容量：50
2020-05-10 10:23:06.593  INFO 13764 --- [http-nio-8080-exec-3] com.xck.demo.Util.Sel_CourseResult       : 容量：50
2020-05-10 10:23:08.198  INFO 13764 --- [http-nio-8080-exec-2] com.xck.demo.Util.Sel_CourseResult       : 容量：50
2020-05-10 10:23:10.908  INFO 13764 --- [http-nio-8080-exec-8] c.x.d.C.Info_mainHandler.Sel_Info        : 1708010138
2020-05-10 10:26:20.175  INFO 13764 --- [http-nio-8080-exec-4] c.x.d.Controller.Info_mainHandler.Login  : 方法到达！！
2020-05-10 10:30:44.663  INFO 884 --- [main] com.xck.demo.DemoApplication             : Starting DemoApplication on DESKTOP-TQD3GT2 with PID 884 (E:\demo\target\classes started by 谢朝康 in E:\demo)
2020-05-10 10:30:44.670  INFO 884 --- [main] com.xck.demo.DemoApplication             : No active profile set, falling back to default profiles: default
2020-05-10 10:30:47.156  INFO 884 --- [main] trationDelegate$BeanPostProcessorChecker : Bean 'shiroConfig' of type [com.xck.demo.Config.ShiroConfig$$EnhancerBySpringCGLIB$$9454f18] is not eligible for getting processed by all BeanPostProcessors (for example: not eligible for auto-proxying)
2020-05-10 10:30:47.731  INFO 884 --- [main] trationDelegate$BeanPostProcessorChecker : Bean 'hashedCredentialsMatcher' of type [org.apache.shiro.authc.credential.HashedCredentialsMatcher] is not eligible for getting processed by all BeanPostProcessors (for example: not eligible for auto-proxying)
2020-05-10 10:30:47.763  INFO 884 --- [main] trationDelegate$BeanPostProcessorChecker : Bean 'mybatis-org.mybatis.spring.boot.autoconfigure.MybatisProperties' of type [org.mybatis.spring.boot.autoconfigure.MybatisProperties] is not eligible for getting processed by all BeanPostProcessors (for example: not eligible for auto-proxying)
2020-05-10 10:30:47.778  INFO 884 --- [main] trationDelegate$BeanPostProcessorChecker : Bean 'org.mybatis.spring.boot.autoconfigure.MybatisAutoConfiguration' of type [org.mybatis.spring.boot.autoconfigure.MybatisAutoConfiguration$$EnhancerBySpringCGLIB$$d207632c] is not eligible for getting processed by all BeanPostProcessors (for example: not eligible for auto-proxying)
2020-05-10 10:30:47.780  INFO 884 --- [main] trationDelegate$BeanPostProcessorChecker : Bean 'myDruidConfig' of type [com.xck.demo.Config.MyDruidConfig$$EnhancerBySpringCGLIB$$d7355abd] is not eligible for getting processed by all BeanPostProcessors (for example: not eligible for auto-proxying)
2020-05-10 10:30:47.882  INFO 884 --- [main] trationDelegate$BeanPostProcessorChecker : Bean 'druid' of type [com.alibaba.druid.pool.DruidDataSource] is not eligible for getting processed by all BeanPostProcessors (for example: not eligible for auto-proxying)
2020-05-10 10:30:47.914  INFO 884 --- [main] trationDelegate$BeanPostProcessorChecker : Bean 'spring.datasource-org.springframework.boot.autoconfigure.jdbc.DataSourceProperties' of type [org.springframework.boot.autoconfigure.jdbc.DataSourceProperties] is not eligible for getting processed by all BeanPostProcessors (for example: not eligible for auto-proxying)
2020-05-10 10:30:47.919  INFO 884 --- [main] trationDelegate$BeanPostProcessorChecker : Bean 'org.springframework.boot.autoconfigure.jdbc.DataSourceInitializerInvoker' of type [org.springframework.boot.autoconfigure.jdbc.DataSourceInitializerInvoker] is not eligible for getting processed by all BeanPostProcessors (for example: not eligible for auto-proxying)
2020-05-10 10:30:47.983  INFO 884 --- [main] trationDelegate$BeanPostProcessorChecker : Bean 'sqlSessionFactory' of type [org.apache.ibatis.session.defaults.DefaultSqlSessionFactory] is not eligible for getting processed by all BeanPostProcessors (for example: not eligible for auto-proxying)
2020-05-10 10:30:47.992  INFO 884 --- [main] trationDelegate$BeanPostProcessorChecker : Bean 'sqlSessionTemplate' of type [org.mybatis.spring.SqlSessionTemplate] is not eligible for getting processed by all BeanPostProcessors (for example: not eligible for auto-proxying)
2020-05-10 10:30:48.036  INFO 884 --- [main] trationDelegate$BeanPostProcessorChecker : Bean 'info_mainMapper' of type [org.mybatis.spring.mapper.MapperFactoryBean] is not eligible for getting processed by all BeanPostProcessors (for example: not eligible for auto-proxying)
2020-05-10 10:30:48.038  INFO 884 --- [main] trationDelegate$BeanPostProcessorChecker : Bean 'info_mainMapper' of type [com.sun.proxy.$Proxy61] is not eligible for getting processed by all BeanPostProcessors (for example: not eligible for auto-proxying)
2020-05-10 10:30:48.041  INFO 884 --- [main] trationDelegate$BeanPostProcessorChecker : Bean 'stu_getPasswordImpl' of type [com.xck.demo.Service.Info_mainService.Info_mainServiceImpl.Stu_getPasswordImpl] is not eligible for getting processed by all BeanPostProcessors (for example: not eligible for auto-proxying)
2020-05-10 10:30:48.053  INFO 884 --- [main] trationDelegate$BeanPostProcessorChecker : Bean 'info_ServiceMapper' of type [org.mybatis.spring.mapper.MapperFactoryBean] is not eligible for getting processed by all BeanPostProcessors (for example: not eligible for auto-proxying)
2020-05-10 10:30:48.055  INFO 884 --- [main] trationDelegate$BeanPostProcessorChecker : Bean 'info_ServiceMapper' of type [com.sun.proxy.$Proxy66] is not eligible for getting processed by all BeanPostProcessors (for example: not eligible for auto-proxying)
2020-05-10 10:30:48.058  INFO 884 --- [main] trationDelegate$BeanPostProcessorChecker : Bean 'getRolesServiceImpl' of type [com.xck.demo.Service.Shiro_Service.Shiro_ServiceImpl.GetRolesServiceImpl] is not eligible for getting processed by all BeanPostProcessors (for example: not eligible for auto-proxying)
2020-05-10 10:30:48.060  INFO 884 --- [main] trationDelegate$BeanPostProcessorChecker : Bean 'getPermissionServiceImpl' of type [com.xck.demo.Service.Shiro_Service.Shiro_ServiceImpl.GetPermissionServiceImpl] is not eligible for getting processed by all BeanPostProcessors (for example: not eligible for auto-proxying)
2020-05-10 10:30:48.061  INFO 884 --- [main] trationDelegate$BeanPostProcessorChecker : Bean 'myRealm' of type [com.xck.demo.Shiro.MyRealm] is not eligible for getting processed by all BeanPostProcessors (for example: not eligible for auto-proxying)
2020-05-10 10:30:48.067  INFO 884 --- [main] trationDelegate$BeanPostProcessorChecker : Bean 'securityManager' of type [org.apache.shiro.web.mgt.DefaultWebSecurityManager] is not eligible for getting processed by all BeanPostProcessors (for example: not eligible for auto-proxying)
2020-05-10 10:30:48.378  INFO 884 --- [main] o.s.b.w.embedded.tomcat.TomcatWebServer  : Tomcat initialized with port(s): 8080 (http)
2020-05-10 10:30:48.411  INFO 884 --- [main] o.apache.catalina.core.StandardService   : Starting service [Tomcat]
2020-05-10 10:30:48.411  INFO 884 --- [main] org.apache.catalina.core.StandardEngine  : Starting Servlet engine: [Apache Tomcat/9.0.30]
2020-05-10 10:30:48.560  INFO 884 --- [main] o.a.c.c.C.[Tomcat].[localhost].[/]       : Initializing Spring embedded WebApplicationContext
2020-05-10 10:30:48.560  INFO 884 --- [main] o.s.web.context.ContextLoader            : Root WebApplicationContext: initialization completed in 3645 ms
2020-05-10 10:30:49.120  INFO 884 --- [main] o.s.s.concurrent.ThreadPoolTaskExecutor  : Initializing ExecutorService 'applicationTaskExecutor'
2020-05-10 10:30:49.186  INFO 884 --- [main] o.s.b.a.w.s.WelcomePageHandlerMapping    : Adding welcome page: class path resource [static/index.html]
2020-05-10 10:30:49.373  INFO 884 --- [main] o.s.b.w.embedded.tomcat.TomcatWebServer  : Tomcat started on port(s): 8080 (http) with context path ''
2020-05-10 10:30:49.377  INFO 884 --- [main] com.xck.demo.DemoApplication             : Started DemoApplication in 5.758 seconds (JVM running for 7.666)
2020-05-10 10:30:59.070  INFO 884 --- [http-nio-8080-exec-1] o.a.c.c.C.[Tomcat].[localhost].[/]       : Initializing Spring DispatcherServlet 'dispatcherServlet'
2020-05-10 10:30:59.070  INFO 884 --- [http-nio-8080-exec-1] o.s.web.servlet.DispatcherServlet        : Initializing Servlet 'dispatcherServlet'
2020-05-10 10:30:59.079  INFO 884 --- [http-nio-8080-exec-1] o.s.web.servlet.DispatcherServlet        : Completed initialization in 8 ms
2020-05-10 10:31:06.289  INFO 884 --- [http-nio-8080-exec-7] c.x.d.Controller.Info_mainHandler.Login  : 方法到达！！
2020-05-10 10:31:10.185  INFO 884 --- [http-nio-8080-exec-7] com.alibaba.druid.pool.DruidDataSource   : {dataSource-1} inited
2020-05-10 10:31:17.270  INFO 884 --- [http-nio-8080-exec-9] c.x.d.Controller.Info_mainHandler.Login  : 方法到达！！
2020-05-10 10:31:42.123  INFO 884 --- [http-nio-8080-exec-10] c.x.d.Controller.Info_mainHandler.Login  : 方法到达！！
2020-05-10 10:31:46.680  INFO 884 --- [http-nio-8080-exec-5] com.xck.demo.Util.Sel_CourseResult       : 容量：50
2020-05-10 10:31:48.796  INFO 884 --- [http-nio-8080-exec-6] com.xck.demo.Util.Sel_CourseResult       : 容量：50
2020-05-10 10:31:51.858  INFO 884 --- [http-nio-8080-exec-10] c.x.d.C.Info_mainHandler.Sel_Info        : 19
2020-05-10 11:10:04.582  INFO 16296 --- [main] com.xck.demo.DemoApplication             : Starting DemoApplication on DESKTOP-TQD3GT2 with PID 16296 (E:\demo\target\classes started by 谢朝康 in E:\demo)
2020-05-10 11:10:04.588  INFO 16296 --- [main] com.xck.demo.DemoApplication             : No active profile set, falling back to default profiles: default
2020-05-10 11:10:07.649  INFO 16296 --- [main] trationDelegate$BeanPostProcessorChecker : Bean 'shiroConfig' of type [com.xck.demo.Config.ShiroConfig$$EnhancerBySpringCGLIB$$730c0b11] is not eligible for getting processed by all BeanPostProcessors (for example: not eligible for auto-proxying)
2020-05-10 11:10:09.114  INFO 16296 --- [main] trationDelegate$BeanPostProcessorChecker : Bean 'hashedCredentialsMatcher' of type [org.apache.shiro.authc.credential.HashedCredentialsMatcher] is not eligible for getting processed by all BeanPostProcessors (for example: not eligible for auto-proxying)
2020-05-10 11:10:09.164  INFO 16296 --- [main] trationDelegate$BeanPostProcessorChecker : Bean 'mybatis-org.mybatis.spring.boot.autoconfigure.MybatisProperties' of type [org.mybatis.spring.boot.autoconfigure.MybatisProperties] is not eligible for getting processed by all BeanPostProcessors (for example: not eligible for auto-proxying)
2020-05-10 11:10:09.179  INFO 16296 --- [main] trationDelegate$BeanPostProcessorChecker : Bean 'org.mybatis.spring.boot.autoconfigure.MybatisAutoConfiguration' of type [org.mybatis.spring.boot.autoconfigure.MybatisAutoConfiguration$$EnhancerBySpringCGLIB$$3bce1f25] is not eligible for getting processed by all BeanPostProcessors (for example: not eligible for auto-proxying)
2020-05-10 11:10:09.183  INFO 16296 --- [main] trationDelegate$BeanPostProcessorChecker : Bean 'myDruidConfig' of type [com.xck.demo.Config.MyDruidConfig$$EnhancerBySpringCGLIB$$40fc16b6] is not eligible for getting processed by all BeanPostProcessors (for example: not eligible for auto-proxying)
2020-05-10 11:10:09.340  INFO 16296 --- [main] trationDelegate$BeanPostProcessorChecker : Bean 'druid' of type [com.alibaba.druid.pool.DruidDataSource] is not eligible for getting processed by all BeanPostProcessors (for example: not eligible for auto-proxying)
2020-05-10 11:10:09.359  INFO 16296 --- [main] trationDelegate$BeanPostProcessorChecker : Bean 'spring.datasource-org.springframework.boot.autoconfigure.jdbc.DataSourceProperties' of type [org.springframework.boot.autoconfigure.jdbc.DataSourceProperties] is not eligible for getting processed by all BeanPostProcessors (for example: not eligible for auto-proxying)
2020-05-10 11:10:09.364  INFO 16296 --- [main] trationDelegate$BeanPostProcessorChecker : Bean 'org.springframework.boot.autoconfigure.jdbc.DataSourceInitializerInvoker' of type [org.springframework.boot.autoconfigure.jdbc.DataSourceInitializerInvoker] is not eligible for getting processed by all BeanPostProcessors (for example: not eligible for auto-proxying)
2020-05-10 11:10:09.456  INFO 16296 --- [main] trationDelegate$BeanPostProcessorChecker : Bean 'sqlSessionFactory' of type [org.apache.ibatis.session.defaults.DefaultSqlSessionFactory] is not eligible for getting processed by all BeanPostProcessors (for example: not eligible for auto-proxying)
2020-05-10 11:10:09.463  INFO 16296 --- [main] trationDelegate$BeanPostProcessorChecker : Bean 'sqlSessionTemplate' of type [org.mybatis.spring.SqlSessionTemplate] is not eligible for getting processed by all BeanPostProcessors (for example: not eligible for auto-proxying)
2020-05-10 11:10:09.503  INFO 16296 --- [main] trationDelegate$BeanPostProcessorChecker : Bean 'info_mainMapper' of type [org.mybatis.spring.mapper.MapperFactoryBean] is not eligible for getting processed by all BeanPostProcessors (for example: not eligible for auto-proxying)
2020-05-10 11:10:09.506  INFO 16296 --- [main] trationDelegate$BeanPostProcessorChecker : Bean 'info_mainMapper' of type [com.sun.proxy.$Proxy61] is not eligible for getting processed by all BeanPostProcessors (for example: not eligible for auto-proxying)
2020-05-10 11:10:09.510  INFO 16296 --- [main] trationDelegate$BeanPostProcessorChecker : Bean 'stu_getPasswordImpl' of type [com.xck.demo.Service.Info_mainService.Info_mainServiceImpl.Stu_getPasswordImpl] is not eligible for getting processed by all BeanPostProcessors (for example: not eligible for auto-proxying)
2020-05-10 11:10:09.526  INFO 16296 --- [main] trationDelegate$BeanPostProcessorChecker : Bean 'info_ServiceMapper' of type [org.mybatis.spring.mapper.MapperFactoryBean] is not eligible for getting processed by all BeanPostProcessors (for example: not eligible for auto-proxying)
2020-05-10 11:10:09.528  INFO 16296 --- [main] trationDelegate$BeanPostProcessorChecker : Bean 'info_ServiceMapper' of type [com.sun.proxy.$Proxy66] is not eligible for getting processed by all BeanPostProcessors (for example: not eligible for auto-proxying)
2020-05-10 11:10:09.531  INFO 16296 --- [main] trationDelegate$BeanPostProcessorChecker : Bean 'getRolesServiceImpl' of type [com.xck.demo.Service.Shiro_Service.Shiro_ServiceImpl.GetRolesServiceImpl] is not eligible for getting processed by all BeanPostProcessors (for example: not eligible for auto-proxying)
2020-05-10 11:10:09.533  INFO 16296 --- [main] trationDelegate$BeanPostProcessorChecker : Bean 'getPermissionServiceImpl' of type [com.xck.demo.Service.Shiro_Service.Shiro_ServiceImpl.GetPermissionServiceImpl] is not eligible for getting processed by all BeanPostProcessors (for example: not eligible for auto-proxying)
2020-05-10 11:10:09.534  INFO 16296 --- [main] trationDelegate$BeanPostProcessorChecker : Bean 'myRealm' of type [com.xck.demo.Shiro.MyRealm] is not eligible for getting processed by all BeanPostProcessors (for example: not eligible for auto-proxying)
2020-05-10 11:10:09.539  INFO 16296 --- [main] trationDelegate$BeanPostProcessorChecker : Bean 'securityManager' of type [org.apache.shiro.web.mgt.DefaultWebSecurityManager] is not eligible for getting processed by all BeanPostProcessors (for example: not eligible for auto-proxying)
2020-05-10 11:10:09.896  INFO 16296 --- [main] o.s.b.w.embedded.tomcat.TomcatWebServer  : Tomcat initialized with port(s): 8080 (http)
2020-05-10 11:10:09.926  INFO 16296 --- [main] o.apache.catalina.core.StandardService   : Starting service [Tomcat]
2020-05-10 11:10:09.926  INFO 16296 --- [main] org.apache.catalina.core.StandardEngine  : Starting Servlet engine: [Apache Tomcat/9.0.30]
2020-05-10 11:10:10.131  INFO 16296 --- [main] o.a.c.c.C.[Tomcat].[localhost].[/]       : Initializing Spring embedded WebApplicationContext
2020-05-10 11:10:10.132  INFO 16296 --- [main] o.s.web.context.ContextLoader            : Root WebApplicationContext: initialization completed in 5410 ms
2020-05-10 11:10:10.863  INFO 16296 --- [main] o.s.s.concurrent.ThreadPoolTaskExecutor  : Initializing ExecutorService 'applicationTaskExecutor'
2020-05-10 11:10:10.958  INFO 16296 --- [main] o.s.b.a.w.s.WelcomePageHandlerMapping    : Adding welcome page: class path resource [static/index.html]
2020-05-10 11:10:11.170  INFO 16296 --- [main] o.s.b.w.embedded.tomcat.TomcatWebServer  : Tomcat started on port(s): 8080 (http) with context path ''
2020-05-10 11:10:11.177  INFO 16296 --- [main] com.xck.demo.DemoApplication             : Started DemoApplication in 7.779 seconds (JVM running for 10.09)
2020-05-10 11:10:11.341  INFO 16296 --- [http-nio-8080-exec-1] o.a.c.c.C.[Tomcat].[localhost].[/]       : Initializing Spring DispatcherServlet 'dispatcherServlet'
2020-05-10 11:10:11.343  INFO 16296 --- [http-nio-8080-exec-1] o.s.web.servlet.DispatcherServlet        : Initializing Servlet 'dispatcherServlet'
2020-05-10 11:10:11.367  INFO 16296 --- [http-nio-8080-exec-1] o.s.web.servlet.DispatcherServlet        : Completed initialization in 23 ms
2020-05-10 11:10:23.827  INFO 16296 --- [http-nio-8080-exec-5] c.x.d.Controller.Info_mainHandler.Login  : 方法到达！！
2020-05-10 11:10:27.771  INFO 16296 --- [http-nio-8080-exec-5] com.alibaba.druid.pool.DruidDataSource   : {dataSource-1} inited
2020-05-10 11:10:34.393 ERROR 16296 --- [http-nio-8080-exec-10] o.a.c.c.C.[.[.[/].[dispatcherServlet]    : Servlet.service() for servlet [dispatcherServlet] in context with path [] threw exception [Request processing failed; nested exception is java.util.ConcurrentModificationException] with root cause

java.util.ConcurrentModificationException: null
	at java.util.ArrayList$Itr.checkForComodification(ArrayList.java:909) ~[na:1.8.0_201]
	at java.util.ArrayList$Itr.next(ArrayList.java:859) ~[na:1.8.0_201]
	at com.xck.demo.Controller.Info_ServiceHandler.Sel_Stu_Test.sel_test1(Sel_Stu_Test.java:38) ~[classes/:na]
	at sun.reflect.NativeMethodAccessorImpl.invoke0(Native Method) ~[na:1.8.0_201]
	at sun.reflect.NativeMethodAccessorImpl.invoke(NativeMethodAccessorImpl.java:62) ~[na:1.8.0_201]
	at sun.reflect.DelegatingMethodAccessorImpl.invoke(DelegatingMethodAccessorImpl.java:43) ~[na:1.8.0_201]
	at java.lang.reflect.Method.invoke(Method.java:498) ~[na:1.8.0_201]
	at org.springframework.web.method.support.InvocableHandlerMethod.doInvoke(InvocableHandlerMethod.java:190) ~[spring-web-5.1.13.RELEASE.jar:5.1.13.RELEASE]
	at org.springframework.web.method.support.InvocableHandlerMethod.invokeForRequest(InvocableHandlerMethod.java:138) ~[spring-web-5.1.13.RELEASE.jar:5.1.13.RELEASE]
	at org.springframework.web.servlet.mvc.method.annotation.ServletInvocableHandlerMethod.invokeAndHandle(ServletInvocableHandlerMethod.java:105) ~[spring-webmvc-5.1.13.RELEASE.jar:5.1.13.RELEASE]
	at org.springframework.web.servlet.mvc.method.annotation.RequestMappingHandlerAdapter.invokeHandlerMethod(RequestMappingHandlerAdapter.java:893) ~[spring-webmvc-5.1.13.RELEASE.jar:5.1.13.RELEASE]
	at org.springframework.web.servlet.mvc.method.annotation.RequestMappingHandlerAdapter.handleInternal(RequestMappingHandlerAdapter.java:798) ~[spring-webmvc-5.1.13.RELEASE.jar:5.1.13.RELEASE]
	at org.springframework.web.servlet.mvc.method.AbstractHandlerMethodAdapter.handle(AbstractHandlerMethodAdapter.java:87) ~[spring-webmvc-5.1.13.RELEASE.jar:5.1.13.RELEASE]
	at org.springframework.web.servlet.DispatcherServlet.doDispatch(DispatcherServlet.java:1040) ~[spring-webmvc-5.1.13.RELEASE.jar:5.1.13.RELEASE]
	at org.springframework.web.servlet.DispatcherServlet.doService(DispatcherServlet.java:943) ~[spring-webmvc-5.1.13.RELEASE.jar:5.1.13.RELEASE]
	at org.springframework.web.servlet.FrameworkServlet.processRequest(FrameworkServlet.java:1006) ~[spring-webmvc-5.1.13.RELEASE.jar:5.1.13.RELEASE]
	at org.springframework.web.servlet.FrameworkServlet.doGet(FrameworkServlet.java:898) ~[spring-webmvc-5.1.13.RELEASE.jar:5.1.13.RELEASE]
	at javax.servlet.http.HttpServlet.service(HttpServlet.java:634) ~[tomcat-embed-core-9.0.30.jar:9.0.30]
	at org.springframework.web.servlet.FrameworkServlet.service(FrameworkServlet.java:883) ~[spring-webmvc-5.1.13.RELEASE.jar:5.1.13.RELEASE]
	at javax.servlet.http.HttpServlet.service(HttpServlet.java:741) ~[tomcat-embed-core-9.0.30.jar:9.0.30]
	at org.apache.catalina.core.ApplicationFilterChain.internalDoFilter(ApplicationFilterChain.java:231) ~[tomcat-embed-core-9.0.30.jar:9.0.30]
	at org.apache.catalina.core.ApplicationFilterChain.doFilter(ApplicationFilterChain.java:166) ~[tomcat-embed-core-9.0.30.jar:9.0.30]
	at org.apache.tomcat.websocket.server.WsFilter.doFilter(WsFilter.java:53) ~[tomcat-embed-websocket-9.0.30.jar:9.0.30]
	at org.apache.catalina.core.ApplicationFilterChain.internalDoFilter(ApplicationFilterChain.java:193) ~[tomcat-embed-core-9.0.30.jar:9.0.30]
	at org.apache.catalina.core.ApplicationFilterChain.doFilter(ApplicationFilterChain.java:166) ~[tomcat-embed-core-9.0.30.jar:9.0.30]
	at org.apache.shiro.web.servlet.ProxiedFilterChain.doFilter(ProxiedFilterChain.java:61) ~[shiro-web-1.4.0.jar:1.4.0]
	at org.apache.shiro.web.servlet.AdviceFilter.executeChain(AdviceFilter.java:108) ~[shiro-web-1.4.0.jar:1.4.0]
	at org.apache.shiro.web.servlet.AdviceFilter.doFilterInternal(AdviceFilter.java:137) ~[shiro-web-1.4.0.jar:1.4.0]
	at org.apache.shiro.web.servlet.OncePerRequestFilter.doFilter(OncePerRequestFilter.java:125) ~[shiro-web-1.4.0.jar:1.4.0]
	at org.apache.shiro.web.servlet.ProxiedFilterChain.doFilter(ProxiedFilterChain.java:66) ~[shiro-web-1.4.0.jar:1.4.0]
	at org.apache.shiro.web.servlet.AbstractShiroFilter.executeChain(AbstractShiroFilter.java:449) ~[shiro-web-1.4.0.jar:1.4.0]
	at org.apache.shiro.web.servlet.AbstractShiroFilter$1.call(AbstractShiroFilter.java:365) ~[shiro-web-1.4.0.jar:1.4.0]
	at org.apache.shiro.subject.support.SubjectCallable.doCall(SubjectCallable.java:90) ~[shiro-core-1.4.0.jar:1.4.0]
	at org.apache.shiro.subject.support.SubjectCallable.call(SubjectCallable.java:83) ~[shiro-core-1.4.0.jar:1.4.0]
	at org.apache.shiro.subject.support.DelegatingSubject.execute(DelegatingSubject.java:387) ~[shiro-core-1.4.0.jar:1.4.0]
	at org.apache.shiro.web.servlet.AbstractShiroFilter.doFilterInternal(AbstractShiroFilter.java:362) ~[shiro-web-1.4.0.jar:1.4.0]
	at org.apache.shiro.web.servlet.OncePerRequestFilter.doFilter(OncePerRequestFilter.java:125) ~[shiro-web-1.4.0.jar:1.4.0]
	at org.apache.catalina.core.ApplicationFilterChain.internalDoFilter(ApplicationFilterChain.java:193) ~[tomcat-embed-core-9.0.30.jar:9.0.30]
	at org.apache.catalina.core.ApplicationFilterChain.doFilter(ApplicationFilterChain.java:166) ~[tomcat-embed-core-9.0.30.jar:9.0.30]
	at com.alibaba.druid.support.http.WebStatFilter.doFilter(WebStatFilter.java:123) ~[druid-1.1.8.jar:1.1.8]
	at org.apache.catalina.core.ApplicationFilterChain.internalDoFilter(ApplicationFilterChain.java:193) ~[tomcat-embed-core-9.0.30.jar:9.0.30]
	at org.apache.catalina.core.ApplicationFilterChain.doFilter(ApplicationFilterChain.java:166) ~[tomcat-embed-core-9.0.30.jar:9.0.30]
	at org.springframework.web.filter.RequestContextFilter.doFilterInternal(RequestContextFilter.java:100) ~[spring-web-5.1.13.RELEASE.jar:5.1.13.RELEASE]
	at org.springframework.web.filter.OncePerRequestFilter.doFilter(OncePerRequestFilter.java:119) ~[spring-web-5.1.13.RELEASE.jar:5.1.13.RELEASE]
	at org.apache.catalina.core.ApplicationFilterChain.internalDoFilter(ApplicationFilterChain.java:193) ~[tomcat-embed-core-9.0.30.jar:9.0.30]
	at org.apache.catalina.core.ApplicationFilterChain.doFilter(ApplicationFilterChain.java:166) ~[tomcat-embed-core-9.0.30.jar:9.0.30]
	at org.springframework.web.filter.FormContentFilter.doFilterInternal(FormContentFilter.java:93) ~[spring-web-5.1.13.RELEASE.jar:5.1.13.RELEASE]
	at org.springframework.web.filter.OncePerRequestFilter.doFilter(OncePerRequestFilter.java:119) ~[spring-web-5.1.13.RELEASE.jar:5.1.13.RELEASE]
	at org.apache.catalina.core.ApplicationFilterChain.internalDoFilter(ApplicationFilterChain.java:193) ~[tomcat-embed-core-9.0.30.jar:9.0.30]
	at org.apache.catalina.core.ApplicationFilterChain.doFilter(ApplicationFilterChain.java:166) ~[tomcat-embed-core-9.0.30.jar:9.0.30]
	at org.springframework.web.filter.HiddenHttpMethodFilter.doFilterInternal(HiddenHttpMethodFilter.java:94) ~[spring-web-5.1.13.RELEASE.jar:5.1.13.RELEASE]
	at org.springframework.web.filter.OncePerRequestFilter.doFilter(OncePerRequestFilter.java:119) ~[spring-web-5.1.13.RELEASE.jar:5.1.13.RELEASE]
	at org.apache.catalina.core.ApplicationFilterChain.internalDoFilter(ApplicationFilterChain.java:193) ~[tomcat-embed-core-9.0.30.jar:9.0.30]
	at org.apache.catalina.core.ApplicationFilterChain.doFilter(ApplicationFilterChain.java:166) ~[tomcat-embed-core-9.0.30.jar:9.0.30]
	at org.springframework.web.filter.CharacterEncodingFilter.doFilterInternal(CharacterEncodingFilter.java:201) ~[spring-web-5.1.13.RELEASE.jar:5.1.13.RELEASE]
	at org.springframework.web.filter.OncePerRequestFilter.doFilter(OncePerRequestFilter.java:119) ~[spring-web-5.1.13.RELEASE.jar:5.1.13.RELEASE]
	at org.apache.catalina.core.ApplicationFilterChain.internalDoFilter(ApplicationFilterChain.java:193) ~[tomcat-embed-core-9.0.30.jar:9.0.30]
	at org.apache.catalina.core.ApplicationFilterChain.doFilter(ApplicationFilterChain.java:166) ~[tomcat-embed-core-9.0.30.jar:9.0.30]
	at org.apache.catalina.core.StandardWrapperValve.invoke(StandardWrapperValve.java:202) ~[tomcat-embed-core-9.0.30.jar:9.0.30]
	at org.apache.catalina.core.StandardContextValve.invoke(StandardContextValve.java:96) [tomcat-embed-core-9.0.30.jar:9.0.30]
	at org.apache.catalina.authenticator.AuthenticatorBase.invoke(AuthenticatorBase.java:541) [tomcat-embed-core-9.0.30.jar:9.0.30]
	at org.apache.catalina.core.StandardHostValve.invoke(StandardHostValve.java:139) [tomcat-embed-core-9.0.30.jar:9.0.30]
	at org.apache.catalina.valves.ErrorReportValve.invoke(ErrorReportValve.java:92) [tomcat-embed-core-9.0.30.jar:9.0.30]
	at org.apache.catalina.core.StandardEngineValve.invoke(StandardEngineValve.java:74) [tomcat-embed-core-9.0.30.jar:9.0.30]
	at org.apache.catalina.connector.CoyoteAdapter.service(CoyoteAdapter.java:343) [tomcat-embed-core-9.0.30.jar:9.0.30]
	at org.apache.coyote.http11.Http11Processor.service(Http11Processor.java:367) [tomcat-embed-core-9.0.30.jar:9.0.30]
	at org.apache.coyote.AbstractProcessorLight.process(AbstractProcessorLight.java:65) [tomcat-embed-core-9.0.30.jar:9.0.30]
	at org.apache.coyote.AbstractProtocol$ConnectionHandler.process(AbstractProtocol.java:860) [tomcat-embed-core-9.0.30.jar:9.0.30]
	at org.apache.tomcat.util.net.NioEndpoint$SocketProcessor.doRun(NioEndpoint.java:1598) [tomcat-embed-core-9.0.30.jar:9.0.30]
	at org.apache.tomcat.util.net.SocketProcessorBase.run(SocketProcessorBase.java:49) [tomcat-embed-core-9.0.30.jar:9.0.30]
	at java.util.concurrent.ThreadPoolExecutor.runWorker(ThreadPoolExecutor.java:1149) [na:1.8.0_201]
	at java.util.concurrent.ThreadPoolExecutor$Worker.run(ThreadPoolExecutor.java:624) [na:1.8.0_201]
	at org.apache.tomcat.util.threads.TaskThread$WrappingRunnable.run(TaskThread.java:61) [tomcat-embed-core-9.0.30.jar:9.0.30]
	at java.lang.Thread.run(Thread.java:748) [na:1.8.0_201]

2020-05-10 11:17:08.986  INFO 8588 --- [main] com.xck.demo.DemoApplication             : Starting DemoApplication on DESKTOP-TQD3GT2 with PID 8588 (E:\demo\target\classes started by 谢朝康 in E:\demo)
2020-05-10 11:17:08.992  INFO 8588 --- [main] com.xck.demo.DemoApplication             : No active profile set, falling back to default profiles: default
2020-05-10 11:17:10.980  INFO 8588 --- [main] trationDelegate$BeanPostProcessorChecker : Bean 'shiroConfig' of type [com.xck.demo.Config.ShiroConfig$$EnhancerBySpringCGLIB$$1d02b066] is not eligible for getting processed by all BeanPostProcessors (for example: not eligible for auto-proxying)
2020-05-10 11:17:11.559  INFO 8588 --- [main] trationDelegate$BeanPostProcessorChecker : Bean 'hashedCredentialsMatcher' of type [org.apache.shiro.authc.credential.HashedCredentialsMatcher] is not eligible for getting processed by all BeanPostProcessors (for example: not eligible for auto-proxying)
2020-05-10 11:17:11.591  INFO 8588 --- [main] trationDelegate$BeanPostProcessorChecker : Bean 'mybatis-org.mybatis.spring.boot.autoconfigure.MybatisProperties' of type [org.mybatis.spring.boot.autoconfigure.MybatisProperties] is not eligible for getting processed by all BeanPostProcessors (for example: not eligible for auto-proxying)
2020-05-10 11:17:11.602  INFO 8588 --- [main] trationDelegate$BeanPostProcessorChecker : Bean 'org.mybatis.spring.boot.autoconfigure.MybatisAutoConfiguration' of type [org.mybatis.spring.boot.autoconfigure.MybatisAutoConfiguration$$EnhancerBySpringCGLIB$$e5c4c47a] is not eligible for getting processed by all BeanPostProcessors (for example: not eligible for auto-proxying)
2020-05-10 11:17:11.604  INFO 8588 --- [main] trationDelegate$BeanPostProcessorChecker : Bean 'myDruidConfig' of type [com.xck.demo.Config.MyDruidConfig$$EnhancerBySpringCGLIB$$eaf2bc0b] is not eligible for getting processed by all BeanPostProcessors (for example: not eligible for auto-proxying)
2020-05-10 11:17:11.774  INFO 8588 --- [main] trationDelegate$BeanPostProcessorChecker : Bean 'druid' of type [com.alibaba.druid.pool.DruidDataSource] is not eligible for getting processed by all BeanPostProcessors (for example: not eligible for auto-proxying)
2020-05-10 11:17:11.801  INFO 8588 --- [main] trationDelegate$BeanPostProcessorChecker : Bean 'spring.datasource-org.springframework.boot.autoconfigure.jdbc.DataSourceProperties' of type [org.springframework.boot.autoconfigure.jdbc.DataSourceProperties] is not eligible for getting processed by all BeanPostProcessors (for example: not eligible for auto-proxying)
2020-05-10 11:17:11.808  INFO 8588 --- [main] trationDelegate$BeanPostProcessorChecker : Bean 'org.springframework.boot.autoconfigure.jdbc.DataSourceInitializerInvoker' of type [org.springframework.boot.autoconfigure.jdbc.DataSourceInitializerInvoker] is not eligible for getting processed by all BeanPostProcessors (for example: not eligible for auto-proxying)
2020-05-10 11:17:11.875  INFO 8588 --- [main] trationDelegate$BeanPostProcessorChecker : Bean 'sqlSessionFactory' of type [org.apache.ibatis.session.defaults.DefaultSqlSessionFactory] is not eligible for getting processed by all BeanPostProcessors (for example: not eligible for auto-proxying)
2020-05-10 11:17:11.883  INFO 8588 --- [main] trationDelegate$BeanPostProcessorChecker : Bean 'sqlSessionTemplate' of type [org.mybatis.spring.SqlSessionTemplate] is not eligible for getting processed by all BeanPostProcessors (for example: not eligible for auto-proxying)
2020-05-10 11:17:11.916  INFO 8588 --- [main] trationDelegate$BeanPostProcessorChecker : Bean 'info_mainMapper' of type [org.mybatis.spring.mapper.MapperFactoryBean] is not eligible for getting processed by all BeanPostProcessors (for example: not eligible for auto-proxying)
2020-05-10 11:17:11.918  INFO 8588 --- [main] trationDelegate$BeanPostProcessorChecker : Bean 'info_mainMapper' of type [com.sun.proxy.$Proxy61] is not eligible for getting processed by all BeanPostProcessors (for example: not eligible for auto-proxying)
2020-05-10 11:17:11.923  INFO 8588 --- [main] trationDelegate$BeanPostProcessorChecker : Bean 'stu_getPasswordImpl' of type [com.xck.demo.Service.Info_mainService.Info_mainServiceImpl.Stu_getPasswordImpl] is not eligible for getting processed by all BeanPostProcessors (for example: not eligible for auto-proxying)
2020-05-10 11:17:11.943  INFO 8588 --- [main] trationDelegate$BeanPostProcessorChecker : Bean 'info_ServiceMapper' of type [org.mybatis.spring.mapper.MapperFactoryBean] is not eligible for getting processed by all BeanPostProcessors (for example: not eligible for auto-proxying)
2020-05-10 11:17:11.944  INFO 8588 --- [main] trationDelegate$BeanPostProcessorChecker : Bean 'info_ServiceMapper' of type [com.sun.proxy.$Proxy66] is not eligible for getting processed by all BeanPostProcessors (for example: not eligible for auto-proxying)
2020-05-10 11:17:11.948  INFO 8588 --- [main] trationDelegate$BeanPostProcessorChecker : Bean 'getRolesServiceImpl' of type [com.xck.demo.Service.Shiro_Service.Shiro_ServiceImpl.GetRolesServiceImpl] is not eligible for getting processed by all BeanPostProcessors (for example: not eligible for auto-proxying)
2020-05-10 11:17:11.951  INFO 8588 --- [main] trationDelegate$BeanPostProcessorChecker : Bean 'getPermissionServiceImpl' of type [com.xck.demo.Service.Shiro_Service.Shiro_ServiceImpl.GetPermissionServiceImpl] is not eligible for getting processed by all BeanPostProcessors (for example: not eligible for auto-proxying)
2020-05-10 11:17:11.951  INFO 8588 --- [main] trationDelegate$BeanPostProcessorChecker : Bean 'myRealm' of type [com.xck.demo.Shiro.MyRealm] is not eligible for getting processed by all BeanPostProcessors (for example: not eligible for auto-proxying)
2020-05-10 11:17:11.955  INFO 8588 --- [main] trationDelegate$BeanPostProcessorChecker : Bean 'securityManager' of type [org.apache.shiro.web.mgt.DefaultWebSecurityManager] is not eligible for getting processed by all BeanPostProcessors (for example: not eligible for auto-proxying)
2020-05-10 11:17:12.261  INFO 8588 --- [main] o.s.b.w.embedded.tomcat.TomcatWebServer  : Tomcat initialized with port(s): 8080 (http)
2020-05-10 11:17:12.298  INFO 8588 --- [main] o.apache.catalina.core.StandardService   : Starting service [Tomcat]
2020-05-10 11:17:12.299  INFO 8588 --- [main] org.apache.catalina.core.StandardEngine  : Starting Servlet engine: [Apache Tomcat/9.0.30]
2020-05-10 11:17:12.511  INFO 8588 --- [main] o.a.c.c.C.[Tomcat].[localhost].[/]       : Initializing Spring embedded WebApplicationContext
2020-05-10 11:17:12.512  INFO 8588 --- [main] o.s.web.context.ContextLoader            : Root WebApplicationContext: initialization completed in 3354 ms
2020-05-10 11:17:13.071  INFO 8588 --- [main] o.s.s.concurrent.ThreadPoolTaskExecutor  : Initializing ExecutorService 'applicationTaskExecutor'
2020-05-10 11:17:13.153  INFO 8588 --- [main] o.s.b.a.w.s.WelcomePageHandlerMapping    : Adding welcome page: class path resource [static/index.html]
2020-05-10 11:17:13.336  INFO 8588 --- [main] o.s.b.w.embedded.tomcat.TomcatWebServer  : Tomcat started on port(s): 8080 (http) with context path ''
2020-05-10 11:17:13.339  INFO 8588 --- [main] com.xck.demo.DemoApplication             : Started DemoApplication in 5.513 seconds (JVM running for 7.3)
2020-05-10 11:17:19.884  INFO 8588 --- [http-nio-8080-exec-1] o.a.c.c.C.[Tomcat].[localhost].[/]       : Initializing Spring DispatcherServlet 'dispatcherServlet'
2020-05-10 11:17:19.885  INFO 8588 --- [http-nio-8080-exec-1] o.s.web.servlet.DispatcherServlet        : Initializing Servlet 'dispatcherServlet'
2020-05-10 11:17:19.896  INFO 8588 --- [http-nio-8080-exec-1] o.s.web.servlet.DispatcherServlet        : Completed initialization in 10 ms
2020-05-10 11:18:01.822  INFO 8588 --- [http-nio-8080-exec-5] c.x.d.Controller.Info_mainHandler.Login  : 方法到达！！
2020-05-10 11:18:06.133  INFO 8588 --- [http-nio-8080-exec-5] com.alibaba.druid.pool.DruidDataSource   : {dataSource-1} inited
2020-05-10 11:18:31.114  INFO 8588 --- [http-nio-8080-exec-6] c.x.d.Controller.Info_mainHandler.Login  : 方法到达！！
2020-05-10 11:18:33.905  INFO 8588 --- [http-nio-8080-exec-8] c.x.d.Controller.Info_mainHandler.Login  : 方法到达！！
2020-05-10 11:18:51.893  INFO 8588 --- [http-nio-8080-exec-1] com.xck.demo.Util.Sel_CourseResult       : 容量：50
2020-05-10 11:18:53.603  INFO 8588 --- [http-nio-8080-exec-3] com.xck.demo.Util.Sel_CourseResult       : 容量：50
2020-05-10 11:19:03.607  INFO 8588 --- [http-nio-8080-exec-6] c.x.d.C.Info_mainHandler.Sel_Info        : 19
2020-05-10 11:19:22.866  INFO 8588 --- [http-nio-8080-exec-2] c.x.d.C.Info_mainHandler.Up_Pass         : 修改密码
2020-05-10 11:19:22.929  INFO 8588 --- [http-nio-8080-exec-2] c.x.d.C.Info_mainHandler.Up_Pass         : 修改密码到达
2020-05-10 11:20:29.884  INFO 15572 --- [main] com.xck.demo.DemoApplication             : Starting DemoApplication on DESKTOP-TQD3GT2 with PID 15572 (E:\demo\target\classes started by 谢朝康 in E:\demo)
2020-05-10 11:20:29.890  INFO 15572 --- [main] com.xck.demo.DemoApplication             : No active profile set, falling back to default profiles: default
2020-05-10 11:20:32.137  INFO 15572 --- [main] trationDelegate$BeanPostProcessorChecker : Bean 'shiroConfig' of type [com.xck.demo.Config.ShiroConfig$$EnhancerBySpringCGLIB$$985feef2] is not eligible for getting processed by all BeanPostProcessors (for example: not eligible for auto-proxying)
2020-05-10 11:20:32.762  INFO 15572 --- [main] trationDelegate$BeanPostProcessorChecker : Bean 'hashedCredentialsMatcher' of type [org.apache.shiro.authc.credential.HashedCredentialsMatcher] is not eligible for getting processed by all BeanPostProcessors (for example: not eligible for auto-proxying)
2020-05-10 11:20:32.803  INFO 15572 --- [main] trationDelegate$BeanPostProcessorChecker : Bean 'mybatis-org.mybatis.spring.boot.autoconfigure.MybatisProperties' of type [org.mybatis.spring.boot.autoconfigure.MybatisProperties] is not eligible for getting processed by all BeanPostProcessors (for example: not eligible for auto-proxying)
2020-05-10 11:20:32.814  INFO 15572 --- [main] trationDelegate$BeanPostProcessorChecker : Bean 'org.mybatis.spring.boot.autoconfigure.MybatisAutoConfiguration' of type [org.mybatis.spring.boot.autoconfigure.MybatisAutoConfiguration$$EnhancerBySpringCGLIB$$61220306] is not eligible for getting processed by all BeanPostProcessors (for example: not eligible for auto-proxying)
2020-05-10 11:20:32.818  INFO 15572 --- [main] trationDelegate$BeanPostProcessorChecker : Bean 'myDruidConfig' of type [com.xck.demo.Config.MyDruidConfig$$EnhancerBySpringCGLIB$$664ffa97] is not eligible for getting processed by all BeanPostProcessors (for example: not eligible for auto-proxying)
2020-05-10 11:20:32.951  INFO 15572 --- [main] trationDelegate$BeanPostProcessorChecker : Bean 'druid' of type [com.alibaba.druid.pool.DruidDataSource] is not eligible for getting processed by all BeanPostProcessors (for example: not eligible for auto-proxying)
2020-05-10 11:20:32.997  INFO 15572 --- [main] trationDelegate$BeanPostProcessorChecker : Bean 'spring.datasource-org.springframework.boot.autoconfigure.jdbc.DataSourceProperties' of type [org.springframework.boot.autoconfigure.jdbc.DataSourceProperties] is not eligible for getting processed by all BeanPostProcessors (for example: not eligible for auto-proxying)
2020-05-10 11:20:33.002  INFO 15572 --- [main] trationDelegate$BeanPostProcessorChecker : Bean 'org.springframework.boot.autoconfigure.jdbc.DataSourceInitializerInvoker' of type [org.springframework.boot.autoconfigure.jdbc.DataSourceInitializerInvoker] is not eligible for getting processed by all BeanPostProcessors (for example: not eligible for auto-proxying)
2020-05-10 11:20:33.050  INFO 15572 --- [main] trationDelegate$BeanPostProcessorChecker : Bean 'sqlSessionFactory' of type [org.apache.ibatis.session.defaults.DefaultSqlSessionFactory] is not eligible for getting processed by all BeanPostProcessors (for example: not eligible for auto-proxying)
2020-05-10 11:20:33.057  INFO 15572 --- [main] trationDelegate$BeanPostProcessorChecker : Bean 'sqlSessionTemplate' of type [org.mybatis.spring.SqlSessionTemplate] is not eligible for getting processed by all BeanPostProcessors (for example: not eligible for auto-proxying)
2020-05-10 11:20:33.085  INFO 15572 --- [main] trationDelegate$BeanPostProcessorChecker : Bean 'info_mainMapper' of type [org.mybatis.spring.mapper.MapperFactoryBean] is not eligible for getting processed by all BeanPostProcessors (for example: not eligible for auto-proxying)
2020-05-10 11:20:33.086  INFO 15572 --- [main] trationDelegate$BeanPostProcessorChecker : Bean 'info_mainMapper' of type [com.sun.proxy.$Proxy61] is not eligible for getting processed by all BeanPostProcessors (for example: not eligible for auto-proxying)
2020-05-10 11:20:33.091  INFO 15572 --- [main] trationDelegate$BeanPostProcessorChecker : Bean 'stu_getPasswordImpl' of type [com.xck.demo.Service.Info_mainService.Info_mainServiceImpl.Stu_getPasswordImpl] is not eligible for getting processed by all BeanPostProcessors (for example: not eligible for auto-proxying)
2020-05-10 11:20:33.109  INFO 15572 --- [main] trationDelegate$BeanPostProcessorChecker : Bean 'info_ServiceMapper' of type [org.mybatis.spring.mapper.MapperFactoryBean] is not eligible for getting processed by all BeanPostProcessors (for example: not eligible for auto-proxying)
2020-05-10 11:20:33.110  INFO 15572 --- [main] trationDelegate$BeanPostProcessorChecker : Bean 'info_ServiceMapper' of type [com.sun.proxy.$Proxy66] is not eligible for getting processed by all BeanPostProcessors (for example: not eligible for auto-proxying)
2020-05-10 11:20:33.113  INFO 15572 --- [main] trationDelegate$BeanPostProcessorChecker : Bean 'getRolesServiceImpl' of type [com.xck.demo.Service.Shiro_Service.Shiro_ServiceImpl.GetRolesServiceImpl] is not eligible for getting processed by all BeanPostProcessors (for example: not eligible for auto-proxying)
2020-05-10 11:20:33.116  INFO 15572 --- [main] trationDelegate$BeanPostProcessorChecker : Bean 'getPermissionServiceImpl' of type [com.xck.demo.Service.Shiro_Service.Shiro_ServiceImpl.GetPermissionServiceImpl] is not eligible for getting processed by all BeanPostProcessors (for example: not eligible for auto-proxying)
2020-05-10 11:20:33.117  INFO 15572 --- [main] trationDelegate$BeanPostProcessorChecker : Bean 'myRealm' of type [com.xck.demo.Shiro.MyRealm] is not eligible for getting processed by all BeanPostProcessors (for example: not eligible for auto-proxying)
2020-05-10 11:20:33.121  INFO 15572 --- [main] trationDelegate$BeanPostProcessorChecker : Bean 'securityManager' of type [org.apache.shiro.web.mgt.DefaultWebSecurityManager] is not eligible for getting processed by all BeanPostProcessors (for example: not eligible for auto-proxying)
2020-05-10 11:20:33.420  INFO 15572 --- [main] o.s.b.w.embedded.tomcat.TomcatWebServer  : Tomcat initialized with port(s): 8080 (http)
2020-05-10 11:20:33.454  INFO 15572 --- [main] o.apache.catalina.core.StandardService   : Starting service [Tomcat]
2020-05-10 11:20:33.454  INFO 15572 --- [main] org.apache.catalina.core.StandardEngine  : Starting Servlet engine: [Apache Tomcat/9.0.30]
2020-05-10 11:20:33.598  INFO 15572 --- [main] o.a.c.c.C.[Tomcat].[localhost].[/]       : Initializing Spring embedded WebApplicationContext
2020-05-10 11:20:33.598  INFO 15572 --- [main] o.s.web.context.ContextLoader            : Root WebApplicationContext: initialization completed in 3536 ms
2020-05-10 11:20:34.118  INFO 15572 --- [main] o.s.s.concurrent.ThreadPoolTaskExecutor  : Initializing ExecutorService 'applicationTaskExecutor'
2020-05-10 11:20:34.192  INFO 15572 --- [main] o.s.b.a.w.s.WelcomePageHandlerMapping    : Adding welcome page: class path resource [static/index.html]
2020-05-10 11:20:34.364  INFO 15572 --- [main] o.s.b.w.embedded.tomcat.TomcatWebServer  : Tomcat started on port(s): 8080 (http) with context path ''
2020-05-10 11:20:34.367  INFO 15572 --- [main] com.xck.demo.DemoApplication             : Started DemoApplication in 5.402 seconds (JVM running for 7.677)
2020-05-10 11:20:49.180  INFO 15572 --- [http-nio-8080-exec-1] o.a.c.c.C.[Tomcat].[localhost].[/]       : Initializing Spring DispatcherServlet 'dispatcherServlet'
2020-05-10 11:20:49.180  INFO 15572 --- [http-nio-8080-exec-1] o.s.web.servlet.DispatcherServlet        : Initializing Servlet 'dispatcherServlet'
2020-05-10 11:20:49.190  INFO 15572 --- [http-nio-8080-exec-1] o.s.web.servlet.DispatcherServlet        : Completed initialization in 10 ms
2020-05-10 11:20:55.272  INFO 15572 --- [http-nio-8080-exec-5] c.x.d.Controller.Info_mainHandler.Login  : 方法到达！！
2020-05-10 11:20:59.067  INFO 15572 --- [http-nio-8080-exec-5] com.alibaba.druid.pool.DruidDataSource   : {dataSource-1} inited
2020-05-10 11:21:03.873  INFO 15572 --- [http-nio-8080-exec-8] c.x.d.C.Info_mainHandler.Sel_Info        : 19
2020-05-10 11:21:15.733  INFO 15572 --- [http-nio-8080-exec-1] c.x.d.C.Info_mainHandler.Up_Pass         : 修改密码
2020-05-10 11:22:58.170  INFO 11308 --- [main] com.xck.demo.DemoApplication             : Starting DemoApplication on DESKTOP-TQD3GT2 with PID 11308 (E:\demo\target\classes started by 谢朝康 in E:\demo)
2020-05-10 11:22:58.176  INFO 11308 --- [main] com.xck.demo.DemoApplication             : No active profile set, falling back to default profiles: default
2020-05-10 11:23:00.255  INFO 11308 --- [main] trationDelegate$BeanPostProcessorChecker : Bean 'shiroConfig' of type [com.xck.demo.Config.ShiroConfig$$EnhancerBySpringCGLIB$$d6d4fb4d] is not eligible for getting processed by all BeanPostProcessors (for example: not eligible for auto-proxying)
2020-05-10 11:23:00.862  INFO 11308 --- [main] trationDelegate$BeanPostProcessorChecker : Bean 'hashedCredentialsMatcher' of type [org.apache.shiro.authc.credential.HashedCredentialsMatcher] is not eligible for getting processed by all BeanPostProcessors (for example: not eligible for auto-proxying)
2020-05-10 11:23:00.890  INFO 11308 --- [main] trationDelegate$BeanPostProcessorChecker : Bean 'mybatis-org.mybatis.spring.boot.autoconfigure.MybatisProperties' of type [org.mybatis.spring.boot.autoconfigure.MybatisProperties] is not eligible for getting processed by all BeanPostProcessors (for example: not eligible for auto-proxying)
2020-05-10 11:23:00.902  INFO 11308 --- [main] trationDelegate$BeanPostProcessorChecker : Bean 'org.mybatis.spring.boot.autoconfigure.MybatisAutoConfiguration' of type [org.mybatis.spring.boot.autoconfigure.MybatisAutoConfiguration$$EnhancerBySpringCGLIB$$9f970f61] is not eligible for getting processed by all BeanPostProcessors (for example: not eligible for auto-proxying)
2020-05-10 11:23:00.905  INFO 11308 --- [main] trationDelegate$BeanPostProcessorChecker : Bean 'myDruidConfig' of type [com.xck.demo.Config.MyDruidConfig$$EnhancerBySpringCGLIB$$a4c506f2] is not eligible for getting processed by all BeanPostProcessors (for example: not eligible for auto-proxying)
2020-05-10 11:23:00.995  INFO 11308 --- [main] trationDelegate$BeanPostProcessorChecker : Bean 'druid' of type [com.alibaba.druid.pool.DruidDataSource] is not eligible for getting processed by all BeanPostProcessors (for example: not eligible for auto-proxying)
2020-05-10 11:23:01.029  INFO 11308 --- [main] trationDelegate$BeanPostProcessorChecker : Bean 'spring.datasource-org.springframework.boot.autoconfigure.jdbc.DataSourceProperties' of type [org.springframework.boot.autoconfigure.jdbc.DataSourceProperties] is not eligible for getting processed by all BeanPostProcessors (for example: not eligible for auto-proxying)
2020-05-10 11:23:01.034  INFO 11308 --- [main] trationDelegate$BeanPostProcessorChecker : Bean 'org.springframework.boot.autoconfigure.jdbc.DataSourceInitializerInvoker' of type [org.springframework.boot.autoconfigure.jdbc.DataSourceInitializerInvoker] is not eligible for getting processed by all BeanPostProcessors (for example: not eligible for auto-proxying)
2020-05-10 11:23:01.089  INFO 11308 --- [main] trationDelegate$BeanPostProcessorChecker : Bean 'sqlSessionFactory' of type [org.apache.ibatis.session.defaults.DefaultSqlSessionFactory] is not eligible for getting processed by all BeanPostProcessors (for example: not eligible for auto-proxying)
2020-05-10 11:23:01.095  INFO 11308 --- [main] trationDelegate$BeanPostProcessorChecker : Bean 'sqlSessionTemplate' of type [org.mybatis.spring.SqlSessionTemplate] is not eligible for getting processed by all BeanPostProcessors (for example: not eligible for auto-proxying)
2020-05-10 11:23:01.139  INFO 11308 --- [main] trationDelegate$BeanPostProcessorChecker : Bean 'info_mainMapper' of type [org.mybatis.spring.mapper.MapperFactoryBean] is not eligible for getting processed by all BeanPostProcessors (for example: not eligible for auto-proxying)
2020-05-10 11:23:01.143  INFO 11308 --- [main] trationDelegate$BeanPostProcessorChecker : Bean 'info_mainMapper' of type [com.sun.proxy.$Proxy61] is not eligible for getting processed by all BeanPostProcessors (for example: not eligible for auto-proxying)
2020-05-10 11:23:01.147  INFO 11308 --- [main] trationDelegate$BeanPostProcessorChecker : Bean 'stu_getPasswordImpl' of type [com.xck.demo.Service.Info_mainService.Info_mainServiceImpl.Stu_getPasswordImpl] is not eligible for getting processed by all BeanPostProcessors (for example: not eligible for auto-proxying)
2020-05-10 11:23:01.175  INFO 11308 --- [main] trationDelegate$BeanPostProcessorChecker : Bean 'info_ServiceMapper' of type [org.mybatis.spring.mapper.MapperFactoryBean] is not eligible for getting processed by all BeanPostProcessors (for example: not eligible for auto-proxying)
2020-05-10 11:23:01.176  INFO 11308 --- [main] trationDelegate$BeanPostProcessorChecker : Bean 'info_ServiceMapper' of type [com.sun.proxy.$Proxy66] is not eligible for getting processed by all BeanPostProcessors (for example: not eligible for auto-proxying)
2020-05-10 11:23:01.181  INFO 11308 --- [main] trationDelegate$BeanPostProcessorChecker : Bean 'getRolesServiceImpl' of type [com.xck.demo.Service.Shiro_Service.Shiro_ServiceImpl.GetRolesServiceImpl] is not eligible for getting processed by all BeanPostProcessors (for example: not eligible for auto-proxying)
2020-05-10 11:23:01.186  INFO 11308 --- [main] trationDelegate$BeanPostProcessorChecker : Bean 'getPermissionServiceImpl' of type [com.xck.demo.Service.Shiro_Service.Shiro_ServiceImpl.GetPermissionServiceImpl] is not eligible for getting processed by all BeanPostProcessors (for example: not eligible for auto-proxying)
2020-05-10 11:23:01.187  INFO 11308 --- [main] trationDelegate$BeanPostProcessorChecker : Bean 'myRealm' of type [com.xck.demo.Shiro.MyRealm] is not eligible for getting processed by all BeanPostProcessors (for example: not eligible for auto-proxying)
2020-05-10 11:23:01.192  INFO 11308 --- [main] trationDelegate$BeanPostProcessorChecker : Bean 'securityManager' of type [org.apache.shiro.web.mgt.DefaultWebSecurityManager] is not eligible for getting processed by all BeanPostProcessors (for example: not eligible for auto-proxying)
2020-05-10 11:23:01.474  INFO 11308 --- [main] o.s.b.w.embedded.tomcat.TomcatWebServer  : Tomcat initialized with port(s): 8080 (http)
2020-05-10 11:23:01.498  INFO 11308 --- [main] o.apache.catalina.core.StandardService   : Starting service [Tomcat]
2020-05-10 11:23:01.498  INFO 11308 --- [main] org.apache.catalina.core.StandardEngine  : Starting Servlet engine: [Apache Tomcat/9.0.30]
2020-05-10 11:23:01.672  INFO 11308 --- [main] o.a.c.c.C.[Tomcat].[localhost].[/]       : Initializing Spring embedded WebApplicationContext
2020-05-10 11:23:01.672  INFO 11308 --- [main] o.s.web.context.ContextLoader            : Root WebApplicationContext: initialization completed in 3257 ms
2020-05-10 11:23:02.325  INFO 11308 --- [main] o.s.s.concurrent.ThreadPoolTaskExecutor  : Initializing ExecutorService 'applicationTaskExecutor'
2020-05-10 11:23:02.417  INFO 11308 --- [main] o.s.b.a.w.s.WelcomePageHandlerMapping    : Adding welcome page: class path resource [static/index.html]
2020-05-10 11:23:02.775  INFO 11308 --- [main] o.s.b.w.embedded.tomcat.TomcatWebServer  : Tomcat started on port(s): 8080 (http) with context path ''
2020-05-10 11:23:02.780  INFO 11308 --- [main] com.xck.demo.DemoApplication             : Started DemoApplication in 5.812 seconds (JVM running for 8.196)
2020-05-10 11:23:07.821  INFO 11308 --- [http-nio-8080-exec-2] o.a.c.c.C.[Tomcat].[localhost].[/]       : Initializing Spring DispatcherServlet 'dispatcherServlet'
2020-05-10 11:23:07.821  INFO 11308 --- [http-nio-8080-exec-2] o.s.web.servlet.DispatcherServlet        : Initializing Servlet 'dispatcherServlet'
2020-05-10 11:23:07.829  INFO 11308 --- [http-nio-8080-exec-2] o.s.web.servlet.DispatcherServlet        : Completed initialization in 8 ms
2020-05-10 11:23:13.191  INFO 11308 --- [http-nio-8080-exec-3] c.x.d.Controller.Info_mainHandler.Login  : 方法到达！！
2020-05-10 11:23:17.008  INFO 11308 --- [http-nio-8080-exec-3] com.alibaba.druid.pool.DruidDataSource   : {dataSource-1} inited
2020-05-10 11:23:20.549  INFO 11308 --- [http-nio-8080-exec-5] com.xck.demo.Util.Sel_CourseResult       : 容量：50
2020-05-10 11:23:22.948  INFO 11308 --- [http-nio-8080-exec-7] com.xck.demo.Util.Sel_CourseResult       : 容量：50
2020-05-10 11:23:28.751  INFO 11308 --- [http-nio-8080-exec-10] c.x.d.C.Sel_CourseHandler.Insert_Course  : 访问到达
2020-05-10 11:23:29.082  INFO 11308 --- [http-nio-8080-exec-10] c.x.d.C.Sel_CourseHandler.Insert_Course  : 更新：1
2020-05-10 11:23:40.743  INFO 11308 --- [http-nio-8080-exec-2] c.x.d.C.EvaluateHandler.Sel_Roles        : 权限方法到达
2020-05-10 11:23:51.935  INFO 11308 --- [http-nio-8080-exec-4] c.x.d.C.Info_mainHandler.Up_Pass         : 修改密码
2020-05-10 11:24:24.500  INFO 11308 --- [http-nio-8080-exec-7] c.x.d.C.Info_mainHandler.Up_Pass         : 修改密码
2020-05-10 11:24:24.553  INFO 11308 --- [http-nio-8080-exec-7] c.x.d.C.Info_mainHandler.Up_Pass         : 修改密码到达
2020-05-10 11:26:15.237  INFO 11804 --- [main] com.xck.demo.DemoApplication             : Starting DemoApplication on DESKTOP-TQD3GT2 with PID 11804 (E:\demo\target\classes started by 谢朝康 in E:\demo)
2020-05-10 11:26:15.243  INFO 11804 --- [main] com.xck.demo.DemoApplication             : No active profile set, falling back to default profiles: default
2020-05-10 11:26:16.881  INFO 11804 --- [main] trationDelegate$BeanPostProcessorChecker : Bean 'shiroConfig' of type [com.xck.demo.Config.ShiroConfig$$EnhancerBySpringCGLIB$$e6c52eb9] is not eligible for getting processed by all BeanPostProcessors (for example: not eligible for auto-proxying)
2020-05-10 11:26:17.363  INFO 11804 --- [main] trationDelegate$BeanPostProcessorChecker : Bean 'hashedCredentialsMatcher' of type [org.apache.shiro.authc.credential.HashedCredentialsMatcher] is not eligible for getting processed by all BeanPostProcessors (for example: not eligible for auto-proxying)
2020-05-10 11:26:17.400  INFO 11804 --- [main] trationDelegate$BeanPostProcessorChecker : Bean 'mybatis-org.mybatis.spring.boot.autoconfigure.MybatisProperties' of type [org.mybatis.spring.boot.autoconfigure.MybatisProperties] is not eligible for getting processed by all BeanPostProcessors (for example: not eligible for auto-proxying)
2020-05-10 11:26:17.408  INFO 11804 --- [main] trationDelegate$BeanPostProcessorChecker : Bean 'org.mybatis.spring.boot.autoconfigure.MybatisAutoConfiguration' of type [org.mybatis.spring.boot.autoconfigure.MybatisAutoConfiguration$$EnhancerBySpringCGLIB$$af8742cd] is not eligible for getting processed by all BeanPostProcessors (for example: not eligible for auto-proxying)
2020-05-10 11:26:17.410  INFO 11804 --- [main] trationDelegate$BeanPostProcessorChecker : Bean 'myDruidConfig' of type [com.xck.demo.Config.MyDruidConfig$$EnhancerBySpringCGLIB$$b4b53a5e] is not eligible for getting processed by all BeanPostProcessors (for example: not eligible for auto-proxying)
2020-05-10 11:26:17.501  INFO 11804 --- [main] trationDelegate$BeanPostProcessorChecker : Bean 'druid' of type [com.alibaba.druid.pool.DruidDataSource] is not eligible for getting processed by all BeanPostProcessors (for example: not eligible for auto-proxying)
2020-05-10 11:26:17.519  INFO 11804 --- [main] trationDelegate$BeanPostProcessorChecker : Bean 'spring.datasource-org.springframework.boot.autoconfigure.jdbc.DataSourceProperties' of type [org.springframework.boot.autoconfigure.jdbc.DataSourceProperties] is not eligible for getting processed by all BeanPostProcessors (for example: not eligible for auto-proxying)
2020-05-10 11:26:17.523  INFO 11804 --- [main] trationDelegate$BeanPostProcessorChecker : Bean 'org.springframework.boot.autoconfigure.jdbc.DataSourceInitializerInvoker' of type [org.springframework.boot.autoconfigure.jdbc.DataSourceInitializerInvoker] is not eligible for getting processed by all BeanPostProcessors (for example: not eligible for auto-proxying)
2020-05-10 11:26:17.606  INFO 11804 --- [main] trationDelegate$BeanPostProcessorChecker : Bean 'sqlSessionFactory' of type [org.apache.ibatis.session.defaults.DefaultSqlSessionFactory] is not eligible for getting processed by all BeanPostProcessors (for example: not eligible for auto-proxying)
2020-05-10 11:26:17.629  INFO 11804 --- [main] trationDelegate$BeanPostProcessorChecker : Bean 'sqlSessionTemplate' of type [org.mybatis.spring.SqlSessionTemplate] is not eligible for getting processed by all BeanPostProcessors (for example: not eligible for auto-proxying)
2020-05-10 11:26:17.667  INFO 11804 --- [main] trationDelegate$BeanPostProcessorChecker : Bean 'info_mainMapper' of type [org.mybatis.spring.mapper.MapperFactoryBean] is not eligible for getting processed by all BeanPostProcessors (for example: not eligible for auto-proxying)
2020-05-10 11:26:17.667  INFO 11804 --- [main] trationDelegate$BeanPostProcessorChecker : Bean 'info_mainMapper' of type [com.sun.proxy.$Proxy61] is not eligible for getting processed by all BeanPostProcessors (for example: not eligible for auto-proxying)
2020-05-10 11:26:17.677  INFO 11804 --- [main] trationDelegate$BeanPostProcessorChecker : Bean 'stu_getPasswordImpl' of type [com.xck.demo.Service.Info_mainService.Info_mainServiceImpl.Stu_getPasswordImpl] is not eligible for getting processed by all BeanPostProcessors (for example: not eligible for auto-proxying)
2020-05-10 11:26:17.687  INFO 11804 --- [main] trationDelegate$BeanPostProcessorChecker : Bean 'info_ServiceMapper' of type [org.mybatis.spring.mapper.MapperFactoryBean] is not eligible for getting processed by all BeanPostProcessors (for example: not eligible for auto-proxying)
2020-05-10 11:26:17.687  INFO 11804 --- [main] trationDelegate$BeanPostProcessorChecker : Bean 'info_ServiceMapper' of type [com.sun.proxy.$Proxy66] is not eligible for getting processed by all BeanPostProcessors (for example: not eligible for auto-proxying)
2020-05-10 11:26:17.687  INFO 11804 --- [main] trationDelegate$BeanPostProcessorChecker : Bean 'getRolesServiceImpl' of type [com.xck.demo.Service.Shiro_Service.Shiro_ServiceImpl.GetRolesServiceImpl] is not eligible for getting processed by all BeanPostProcessors (for example: not eligible for auto-proxying)
2020-05-10 11:26:17.687  INFO 11804 --- [main] trationDelegate$BeanPostProcessorChecker : Bean 'getPermissionServiceImpl' of type [com.xck.demo.Service.Shiro_Service.Shiro_ServiceImpl.GetPermissionServiceImpl] is not eligible for getting processed by all BeanPostProcessors (for example: not eligible for auto-proxying)
2020-05-10 11:26:17.687  INFO 11804 --- [main] trationDelegate$BeanPostProcessorChecker : Bean 'myRealm' of type [com.xck.demo.Shiro.MyRealm] is not eligible for getting processed by all BeanPostProcessors (for example: not eligible for auto-proxying)
2020-05-10 11:26:17.697  INFO 11804 --- [main] trationDelegate$BeanPostProcessorChecker : Bean 'securityManager' of type [org.apache.shiro.web.mgt.DefaultWebSecurityManager] is not eligible for getting processed by all BeanPostProcessors (for example: not eligible for auto-proxying)
2020-05-10 11:26:17.963  INFO 11804 --- [main] o.s.b.w.embedded.tomcat.TomcatWebServer  : Tomcat initialized with port(s): 8080 (http)
2020-05-10 11:26:17.989  INFO 11804 --- [main] o.apache.catalina.core.StandardService   : Starting service [Tomcat]
2020-05-10 11:26:17.990  INFO 11804 --- [main] org.apache.catalina.core.StandardEngine  : Starting Servlet engine: [Apache Tomcat/9.0.30]
2020-05-10 11:26:18.147  INFO 11804 --- [main] o.a.c.c.C.[Tomcat].[localhost].[/]       : Initializing Spring embedded WebApplicationContext
2020-05-10 11:26:18.147  INFO 11804 --- [main] o.s.web.context.ContextLoader            : Root WebApplicationContext: initialization completed in 2810 ms
2020-05-10 11:26:18.638  INFO 11804 --- [main] o.s.s.concurrent.ThreadPoolTaskExecutor  : Initializing ExecutorService 'applicationTaskExecutor'
2020-05-10 11:26:18.697  INFO 11804 --- [main] o.s.b.a.w.s.WelcomePageHandlerMapping    : Adding welcome page: class path resource [static/index.html]
2020-05-10 11:26:18.885  INFO 11804 --- [main] o.s.b.w.embedded.tomcat.TomcatWebServer  : Tomcat started on port(s): 8080 (http) with context path ''
2020-05-10 11:26:18.890  INFO 11804 --- [main] com.xck.demo.DemoApplication             : Started DemoApplication in 4.452 seconds (JVM running for 6.485)
2020-05-10 11:27:35.940  INFO 6268 --- [main] com.xck.demo.DemoApplication             : Starting DemoApplication on DESKTOP-TQD3GT2 with PID 6268 (E:\demo\target\classes started by 谢朝康 in E:\demo)
2020-05-10 11:27:35.942  INFO 6268 --- [main] com.xck.demo.DemoApplication             : No active profile set, falling back to default profiles: default
2020-05-10 11:27:38.200  INFO 6268 --- [main] trationDelegate$BeanPostProcessorChecker : Bean 'shiroConfig' of type [com.xck.demo.Config.ShiroConfig$$EnhancerBySpringCGLIB$$4de47c48] is not eligible for getting processed by all BeanPostProcessors (for example: not eligible for auto-proxying)
2020-05-10 11:27:38.999  INFO 6268 --- [main] trationDelegate$BeanPostProcessorChecker : Bean 'hashedCredentialsMatcher' of type [org.apache.shiro.authc.credential.HashedCredentialsMatcher] is not eligible for getting processed by all BeanPostProcessors (for example: not eligible for auto-proxying)
2020-05-10 11:27:39.055  INFO 6268 --- [main] trationDelegate$BeanPostProcessorChecker : Bean 'mybatis-org.mybatis.spring.boot.autoconfigure.MybatisProperties' of type [org.mybatis.spring.boot.autoconfigure.MybatisProperties] is not eligible for getting processed by all BeanPostProcessors (for example: not eligible for auto-proxying)
2020-05-10 11:27:39.070  INFO 6268 --- [main] trationDelegate$BeanPostProcessorChecker : Bean 'org.mybatis.spring.boot.autoconfigure.MybatisAutoConfiguration' of type [org.mybatis.spring.boot.autoconfigure.MybatisAutoConfiguration$$EnhancerBySpringCGLIB$$16a6905c] is not eligible for getting processed by all BeanPostProcessors (for example: not eligible for auto-proxying)
2020-05-10 11:27:39.074  INFO 6268 --- [main] trationDelegate$BeanPostProcessorChecker : Bean 'myDruidConfig' of type [com.xck.demo.Config.MyDruidConfig$$EnhancerBySpringCGLIB$$1bd487ed] is not eligible for getting processed by all BeanPostProcessors (for example: not eligible for auto-proxying)
2020-05-10 11:27:39.257  INFO 6268 --- [main] trationDelegate$BeanPostProcessorChecker : Bean 'druid' of type [com.alibaba.druid.pool.DruidDataSource] is not eligible for getting processed by all BeanPostProcessors (for example: not eligible for auto-proxying)
2020-05-10 11:27:39.276  INFO 6268 --- [main] trationDelegate$BeanPostProcessorChecker : Bean 'spring.datasource-org.springframework.boot.autoconfigure.jdbc.DataSourceProperties' of type [org.springframework.boot.autoconfigure.jdbc.DataSourceProperties] is not eligible for getting processed by all BeanPostProcessors (for example: not eligible for auto-proxying)
2020-05-10 11:27:39.302  INFO 6268 --- [main] trationDelegate$BeanPostProcessorChecker : Bean 'org.springframework.boot.autoconfigure.jdbc.DataSourceInitializerInvoker' of type [org.springframework.boot.autoconfigure.jdbc.DataSourceInitializerInvoker] is not eligible for getting processed by all BeanPostProcessors (for example: not eligible for auto-proxying)
2020-05-10 11:27:39.388  INFO 6268 --- [main] trationDelegate$BeanPostProcessorChecker : Bean 'sqlSessionFactory' of type [org.apache.ibatis.session.defaults.DefaultSqlSessionFactory] is not eligible for getting processed by all BeanPostProcessors (for example: not eligible for auto-proxying)
2020-05-10 11:27:39.398  INFO 6268 --- [main] trationDelegate$BeanPostProcessorChecker : Bean 'sqlSessionTemplate' of type [org.mybatis.spring.SqlSessionTemplate] is not eligible for getting processed by all BeanPostProcessors (for example: not eligible for auto-proxying)
2020-05-10 11:27:39.434  INFO 6268 --- [main] trationDelegate$BeanPostProcessorChecker : Bean 'info_mainMapper' of type [org.mybatis.spring.mapper.MapperFactoryBean] is not eligible for getting processed by all BeanPostProcessors (for example: not eligible for auto-proxying)
2020-05-10 11:27:39.435  INFO 6268 --- [main] trationDelegate$BeanPostProcessorChecker : Bean 'info_mainMapper' of type [com.sun.proxy.$Proxy61] is not eligible for getting processed by all BeanPostProcessors (for example: not eligible for auto-proxying)
2020-05-10 11:27:39.438  INFO 6268 --- [main] trationDelegate$BeanPostProcessorChecker : Bean 'stu_getPasswordImpl' of type [com.xck.demo.Service.Info_mainService.Info_mainServiceImpl.Stu_getPasswordImpl] is not eligible for getting processed by all BeanPostProcessors (for example: not eligible for auto-proxying)
2020-05-10 11:27:39.457  INFO 6268 --- [main] trationDelegate$BeanPostProcessorChecker : Bean 'info_ServiceMapper' of type [org.mybatis.spring.mapper.MapperFactoryBean] is not eligible for getting processed by all BeanPostProcessors (for example: not eligible for auto-proxying)
2020-05-10 11:27:39.458  INFO 6268 --- [main] trationDelegate$BeanPostProcessorChecker : Bean 'info_ServiceMapper' of type [com.sun.proxy.$Proxy66] is not eligible for getting processed by all BeanPostProcessors (for example: not eligible for auto-proxying)
2020-05-10 11:27:39.464  INFO 6268 --- [main] trationDelegate$BeanPostProcessorChecker : Bean 'getRolesServiceImpl' of type [com.xck.demo.Service.Shiro_Service.Shiro_ServiceImpl.GetRolesServiceImpl] is not eligible for getting processed by all BeanPostProcessors (for example: not eligible for auto-proxying)
2020-05-10 11:27:39.467  INFO 6268 --- [main] trationDelegate$BeanPostProcessorChecker : Bean 'getPermissionServiceImpl' of type [com.xck.demo.Service.Shiro_Service.Shiro_ServiceImpl.GetPermissionServiceImpl] is not eligible for getting processed by all BeanPostProcessors (for example: not eligible for auto-proxying)
2020-05-10 11:27:39.469  INFO 6268 --- [main] trationDelegate$BeanPostProcessorChecker : Bean 'myRealm' of type [com.xck.demo.Shiro.MyRealm] is not eligible for getting processed by all BeanPostProcessors (for example: not eligible for auto-proxying)
2020-05-10 11:27:39.482  INFO 6268 --- [main] trationDelegate$BeanPostProcessorChecker : Bean 'securityManager' of type [org.apache.shiro.web.mgt.DefaultWebSecurityManager] is not eligible for getting processed by all BeanPostProcessors (for example: not eligible for auto-proxying)
2020-05-10 11:27:39.839  INFO 6268 --- [main] o.s.b.w.embedded.tomcat.TomcatWebServer  : Tomcat initialized with port(s): 8080 (http)
2020-05-10 11:27:39.865  INFO 6268 --- [main] o.apache.catalina.core.StandardService   : Starting service [Tomcat]
2020-05-10 11:27:39.866  INFO 6268 --- [main] org.apache.catalina.core.StandardEngine  : Starting Servlet engine: [Apache Tomcat/9.0.30]
2020-05-10 11:27:40.071  INFO 6268 --- [main] o.a.c.c.C.[Tomcat].[localhost].[/]       : Initializing Spring embedded WebApplicationContext
2020-05-10 11:27:40.071  INFO 6268 --- [main] o.s.web.context.ContextLoader            : Root WebApplicationContext: initialization completed in 4025 ms
2020-05-10 11:27:40.648  INFO 6268 --- [main] o.s.s.concurrent.ThreadPoolTaskExecutor  : Initializing ExecutorService 'applicationTaskExecutor'
2020-05-10 11:27:40.717  INFO 6268 --- [main] o.s.b.a.w.s.WelcomePageHandlerMapping    : Adding welcome page: class path resource [static/index.html]
2020-05-10 11:27:40.952  INFO 6268 --- [main] o.s.b.w.embedded.tomcat.TomcatWebServer  : Tomcat started on port(s): 8080 (http) with context path ''
2020-05-10 11:27:40.960  INFO 6268 --- [main] com.xck.demo.DemoApplication             : Started DemoApplication in 5.689 seconds (JVM running for 7.537)
2020-05-10 11:27:41.114  INFO 6268 --- [http-nio-8080-exec-1] o.a.c.c.C.[Tomcat].[localhost].[/]       : Initializing Spring DispatcherServlet 'dispatcherServlet'
2020-05-10 11:27:41.114  INFO 6268 --- [http-nio-8080-exec-1] o.s.web.servlet.DispatcherServlet        : Initializing Servlet 'dispatcherServlet'
2020-05-10 11:27:41.127  INFO 6268 --- [http-nio-8080-exec-1] o.s.web.servlet.DispatcherServlet        : Completed initialization in 13 ms
2020-05-10 11:27:47.647  INFO 6268 --- [http-nio-8080-exec-6] c.x.d.Controller.Info_mainHandler.Login  : 方法到达！！
2020-05-10 11:27:51.619  INFO 6268 --- [http-nio-8080-exec-6] com.alibaba.druid.pool.DruidDataSource   : {dataSource-1} inited
2020-05-10 11:28:04.134  INFO 6268 --- [http-nio-8080-exec-8] c.x.d.C.EvaluateHandler.Sel_Roles        : 权限方法到达
2020-05-10 11:28:07.473  INFO 6268 --- [http-nio-8080-exec-3] com.xck.demo.Util.Sel_CourseResult       : 容量：50
2020-05-10 11:28:16.362  INFO 6268 --- [http-nio-8080-exec-9] c.x.d.C.Info_mainHandler.Sel_Info        : 19
2020-05-10 11:28:32.160  INFO 6268 --- [http-nio-8080-exec-6] c.x.d.C.Info_mainHandler.Up_Pass         : 修改密码
2020-05-10 11:29:06.250  INFO 9744 --- [main] com.xck.demo.DemoApplication             : Starting DemoApplication on DESKTOP-TQD3GT2 with PID 9744 (E:\demo\target\classes started by 谢朝康 in E:\demo)
2020-05-10 11:29:06.259  INFO 9744 --- [main] com.xck.demo.DemoApplication             : No active profile set, falling back to default profiles: default
2020-05-10 11:29:08.725  INFO 9744 --- [main] trationDelegate$BeanPostProcessorChecker : Bean 'shiroConfig' of type [com.xck.demo.Config.ShiroConfig$$EnhancerBySpringCGLIB$$cc3ecc4a] is not eligible for getting processed by all BeanPostProcessors (for example: not eligible for auto-proxying)
2020-05-10 11:29:09.271  INFO 9744 --- [main] trationDelegate$BeanPostProcessorChecker : Bean 'hashedCredentialsMatcher' of type [org.apache.shiro.authc.credential.HashedCredentialsMatcher] is not eligible for getting processed by all BeanPostProcessors (for example: not eligible for auto-proxying)
2020-05-10 11:29:09.301  INFO 9744 --- [main] trationDelegate$BeanPostProcessorChecker : Bean 'mybatis-org.mybatis.spring.boot.autoconfigure.MybatisProperties' of type [org.mybatis.spring.boot.autoconfigure.MybatisProperties] is not eligible for getting processed by all BeanPostProcessors (for example: not eligible for auto-proxying)
2020-05-10 11:29:09.311  INFO 9744 --- [main] trationDelegate$BeanPostProcessorChecker : Bean 'org.mybatis.spring.boot.autoconfigure.MybatisAutoConfiguration' of type [org.mybatis.spring.boot.autoconfigure.MybatisAutoConfiguration$$EnhancerBySpringCGLIB$$9500e05e] is not eligible for getting processed by all BeanPostProcessors (for example: not eligible for auto-proxying)
2020-05-10 11:29:09.314  INFO 9744 --- [main] trationDelegate$BeanPostProcessorChecker : Bean 'myDruidConfig' of type [com.xck.demo.Config.MyDruidConfig$$EnhancerBySpringCGLIB$$9a2ed7ef] is not eligible for getting processed by all BeanPostProcessors (for example: not eligible for auto-proxying)
2020-05-10 11:29:09.464  INFO 9744 --- [main] trationDelegate$BeanPostProcessorChecker : Bean 'druid' of type [com.alibaba.druid.pool.DruidDataSource] is not eligible for getting processed by all BeanPostProcessors (for example: not eligible for auto-proxying)
2020-05-10 11:29:09.491  INFO 9744 --- [main] trationDelegate$BeanPostProcessorChecker : Bean 'spring.datasource-org.springframework.boot.autoconfigure.jdbc.DataSourceProperties' of type [org.springframework.boot.autoconfigure.jdbc.DataSourceProperties] is not eligible for getting processed by all BeanPostProcessors (for example: not eligible for auto-proxying)
2020-05-10 11:29:09.498  INFO 9744 --- [main] trationDelegate$BeanPostProcessorChecker : Bean 'org.springframework.boot.autoconfigure.jdbc.DataSourceInitializerInvoker' of type [org.springframework.boot.autoconfigure.jdbc.DataSourceInitializerInvoker] is not eligible for getting processed by all BeanPostProcessors (for example: not eligible for auto-proxying)
2020-05-10 11:29:09.604  INFO 9744 --- [main] trationDelegate$BeanPostProcessorChecker : Bean 'sqlSessionFactory' of type [org.apache.ibatis.session.defaults.DefaultSqlSessionFactory] is not eligible for getting processed by all BeanPostProcessors (for example: not eligible for auto-proxying)
2020-05-10 11:29:09.633  INFO 9744 --- [main] trationDelegate$BeanPostProcessorChecker : Bean 'sqlSessionTemplate' of type [org.mybatis.spring.SqlSessionTemplate] is not eligible for getting processed by all BeanPostProcessors (for example: not eligible for auto-proxying)
2020-05-10 11:29:09.711  INFO 9744 --- [main] trationDelegate$BeanPostProcessorChecker : Bean 'info_mainMapper' of type [org.mybatis.spring.mapper.MapperFactoryBean] is not eligible for getting processed by all BeanPostProcessors (for example: not eligible for auto-proxying)
2020-05-10 11:29:09.713  INFO 9744 --- [main] trationDelegate$BeanPostProcessorChecker : Bean 'info_mainMapper' of type [com.sun.proxy.$Proxy61] is not eligible for getting processed by all BeanPostProcessors (for example: not eligible for auto-proxying)
2020-05-10 11:29:09.717  INFO 9744 --- [main] trationDelegate$BeanPostProcessorChecker : Bean 'stu_getPasswordImpl' of type [com.xck.demo.Service.Info_mainService.Info_mainServiceImpl.Stu_getPasswordImpl] is not eligible for getting processed by all BeanPostProcessors (for example: not eligible for auto-proxying)
2020-05-10 11:29:09.767  INFO 9744 --- [main] trationDelegate$BeanPostProcessorChecker : Bean 'info_ServiceMapper' of type [org.mybatis.spring.mapper.MapperFactoryBean] is not eligible for getting processed by all BeanPostProcessors (for example: not eligible for auto-proxying)
2020-05-10 11:29:09.772  INFO 9744 --- [main] trationDelegate$BeanPostProcessorChecker : Bean 'info_ServiceMapper' of type [com.sun.proxy.$Proxy66] is not eligible for getting processed by all BeanPostProcessors (for example: not eligible for auto-proxying)
2020-05-10 11:29:09.794  INFO 9744 --- [main] trationDelegate$BeanPostProcessorChecker : Bean 'getRolesServiceImpl' of type [com.xck.demo.Service.Shiro_Service.Shiro_ServiceImpl.GetRolesServiceImpl] is not eligible for getting processed by all BeanPostProcessors (for example: not eligible for auto-proxying)
2020-05-10 11:29:09.798  INFO 9744 --- [main] trationDelegate$BeanPostProcessorChecker : Bean 'getPermissionServiceImpl' of type [com.xck.demo.Service.Shiro_Service.Shiro_ServiceImpl.GetPermissionServiceImpl] is not eligible for getting processed by all BeanPostProcessors (for example: not eligible for auto-proxying)
2020-05-10 11:29:09.799  INFO 9744 --- [main] trationDelegate$BeanPostProcessorChecker : Bean 'myRealm' of type [com.xck.demo.Shiro.MyRealm] is not eligible for getting processed by all BeanPostProcessors (for example: not eligible for auto-proxying)
2020-05-10 11:29:09.812  INFO 9744 --- [main] trationDelegate$BeanPostProcessorChecker : Bean 'securityManager' of type [org.apache.shiro.web.mgt.DefaultWebSecurityManager] is not eligible for getting processed by all BeanPostProcessors (for example: not eligible for auto-proxying)
2020-05-10 11:29:10.232  INFO 9744 --- [main] o.s.b.w.embedded.tomcat.TomcatWebServer  : Tomcat initialized with port(s): 8080 (http)
2020-05-10 11:29:10.266  INFO 9744 --- [main] o.apache.catalina.core.StandardService   : Starting service [Tomcat]
2020-05-10 11:29:10.266  INFO 9744 --- [main] org.apache.catalina.core.StandardEngine  : Starting Servlet engine: [Apache Tomcat/9.0.30]
2020-05-10 11:29:10.414  INFO 9744 --- [main] o.a.c.c.C.[Tomcat].[localhost].[/]       : Initializing Spring embedded WebApplicationContext
2020-05-10 11:29:10.415  INFO 9744 --- [main] o.s.web.context.ContextLoader            : Root WebApplicationContext: initialization completed in 3765 ms
2020-05-10 11:29:11.011  INFO 9744 --- [main] o.s.s.concurrent.ThreadPoolTaskExecutor  : Initializing ExecutorService 'applicationTaskExecutor'
2020-05-10 11:29:11.099  INFO 9744 --- [main] o.s.b.a.w.s.WelcomePageHandlerMapping    : Adding welcome page: class path resource [static/index.html]
2020-05-10 11:29:11.322  INFO 9744 --- [main] o.s.b.w.embedded.tomcat.TomcatWebServer  : Tomcat started on port(s): 8080 (http) with context path ''
2020-05-10 11:29:11.329  INFO 9744 --- [main] com.xck.demo.DemoApplication             : Started DemoApplication in 5.952 seconds (JVM running for 8.162)
2020-05-10 11:29:11.601  INFO 9744 --- [http-nio-8080-exec-2] o.a.c.c.C.[Tomcat].[localhost].[/]       : Initializing Spring DispatcherServlet 'dispatcherServlet'
2020-05-10 11:29:11.602  INFO 9744 --- [http-nio-8080-exec-2] o.s.web.servlet.DispatcherServlet        : Initializing Servlet 'dispatcherServlet'
2020-05-10 11:29:11.617  INFO 9744 --- [http-nio-8080-exec-2] o.s.web.servlet.DispatcherServlet        : Completed initialization in 15 ms
2020-05-10 11:29:23.489  INFO 9744 --- [http-nio-8080-exec-6] c.x.d.Controller.Info_mainHandler.Login  : 方法到达！！
2020-05-10 11:29:27.417  INFO 9744 --- [http-nio-8080-exec-6] com.alibaba.druid.pool.DruidDataSource   : {dataSource-1} inited
2020-05-10 11:29:43.120  INFO 9744 --- [http-nio-8080-exec-10] c.x.d.C.Info_mainHandler.Up_Pass         : 修改密码
2020-05-10 11:29:46.514  INFO 9744 --- [http-nio-8080-exec-4] c.x.d.C.Info_mainHandler.Up_Pass         : 修改密码
2020-05-10 11:29:46.569  INFO 9744 --- [http-nio-8080-exec-4] c.x.d.C.Info_mainHandler.Up_Pass         : 修改密码到达
2020-05-10 11:30:09.510  INFO 9744 --- [http-nio-8080-exec-9] c.x.d.Controller.Info_mainHandler.Login  : 方法到达！！
2020-05-10 11:30:11.964  INFO 9744 --- [http-nio-8080-exec-8] com.xck.demo.Util.Sel_CourseResult       : 容量：50
2020-05-10 11:30:14.597  INFO 9744 --- [http-nio-8080-exec-2] com.xck.demo.Util.Sel_CourseResult       : 容量：49
2020-05-10 11:30:16.227  INFO 9744 --- [http-nio-8080-exec-5] c.x.d.C.Info_mainHandler.Sel_Info        : 1708010138
2020-05-10 11:30:26.470  INFO 9744 --- [http-nio-8080-exec-4] c.x.d.C.EvaluateHandler.Sel_Roles        : 权限方法到达
2020-05-10 11:30:32.792  INFO 9744 --- [http-nio-8080-exec-10] c.x.d.Controller.Info_mainHandler.Login  : 方法到达！！
2020-05-10 11:30:36.430  INFO 9744 --- [http-nio-8080-exec-3] c.x.d.C.Info_mainHandler.Sel_Info        : 11
2020-05-10 11:31:00.350  INFO 9744 --- [http-nio-8080-exec-10] c.x.d.C.EvaluateHandler.Sel_Roles        : 权限方法到达
2020-05-10 11:31:01.078  INFO 9744 --- [http-nio-8080-exec-5] c.x.d.C.TeacherHandler.GetStudentScore   : 1708010138
2020-05-10 11:31:01.189  INFO 9744 --- [http-nio-8080-exec-5] c.x.d.C.TeacherHandler.GetStudentScore   : 19
2020-05-10 11:31:11.614  INFO 9744 --- [http-nio-8080-exec-9] c.x.d.C.TeacherHandler.GetStudentScore   : 1708010138
2020-05-10 11:31:11.728  INFO 9744 --- [http-nio-8080-exec-9] c.x.d.C.TeacherHandler.GetStudentScore   : 19
2020-05-10 11:31:25.546  INFO 9744 --- [http-nio-8080-exec-7] c.x.d.Controller.Info_mainHandler.Login  : 方法到达！！
2020-05-10 11:31:41.115  INFO 9744 --- [http-nio-8080-exec-6] com.xck.demo.Util.Sel_CourseResult       : 容量：50
2020-05-10 11:31:58.864  INFO 9744 --- [http-nio-8080-exec-2] c.x.d.Controller.Info_mainHandler.Login  : 方法到达！！
2020-05-10 11:32:01.137  INFO 9744 --- [http-nio-8080-exec-5] com.xck.demo.Util.Sel_CourseResult       : 容量：50
2020-05-10 11:32:03.406  INFO 9744 --- [http-nio-8080-exec-7] c.x.d.C.Sel_CourseHandler.Insert_Course  : 访问到达
2020-05-10 11:32:03.742  INFO 9744 --- [http-nio-8080-exec-7] c.x.d.C.Sel_CourseHandler.Insert_Course  : 更新：1
2020-05-10 11:32:10.489  INFO 9744 --- [http-nio-8080-exec-2] c.x.d.Controller.Info_mainHandler.Login  : 方法到达！！
2020-05-10 11:32:26.764  INFO 9744 --- [http-nio-8080-exec-7] c.x.d.Controller.Info_mainHandler.Login  : 方法到达！！
2020-05-10 11:33:19.577  INFO 9744 --- [http-nio-8080-exec-4] c.x.d.C.EvaluateHandler.Sel_Roles        : 权限方法到达
2020-05-10 11:33:20.218  INFO 9744 --- [http-nio-8080-exec-5] c.x.d.C.TeacherHandler.GetStudentScore   : 1708010138
2020-05-10 11:33:20.331  INFO 9744 --- [http-nio-8080-exec-5] c.x.d.C.TeacherHandler.GetStudentScore   : 19
2020-05-10 11:33:30.063  INFO 9744 --- [http-nio-8080-exec-10] c.x.d.Controller.Info_mainHandler.Login  : 方法到达！！
2020-05-10 11:33:32.598  INFO 9744 --- [http-nio-8080-exec-4] com.xck.demo.Util.Sel_CourseResult       : 容量：50
2020-05-10 11:33:48.946  INFO 9744 --- [http-nio-8080-exec-8] com.xck.demo.Util.Sel_CourseResult       : 容量：49
2020-05-10 11:33:59.156  INFO 9744 --- [http-nio-8080-exec-7] c.x.d.C.EvaluateHandler.Sel_Roles        : 权限方法到达
2020-05-10 11:34:09.585  INFO 9744 --- [http-nio-8080-exec-10] c.x.d.Controller.Info_mainHandler.Login  : 方法到达！！
2020-05-10 11:34:11.405  INFO 9744 --- [http-nio-8080-exec-2] com.xck.demo.Util.Sel_CourseResult       : 容量：49
2020-05-10 11:34:13.808  INFO 9744 --- [http-nio-8080-exec-1] com.xck.demo.Util.Sel_CourseResult       : 容量：49
2020-05-10 11:34:17.292  INFO 9744 --- [http-nio-8080-exec-3] c.x.d.C.Info_mainHandler.Sel_Info        : 1708010138
2020-05-10 11:34:26.461  INFO 9744 --- [http-nio-8080-exec-1] c.x.d.C.EvaluateHandler.Sel_Roles        : 权限方法到达
